{"/Users/mrbigfoot/code_projects/project-aistivus/aistivus/frontend/src/queryClient.ts": {"path":"/Users/mrbigfoot/code_projects/project-aistivus/aistivus/frontend/src/queryClient.ts","statementMap":{"0":{"start":{"line":3,"column":27},"end":{"line":11,"column":2}}},"fnMap":{},"branchMap":{},"s":{"0":0},"f":{},"b":{},"meta":{"lastBranch":0,"lastFunction":0,"lastStatement":1,"seen":{"s:3:27:11:2":0}}}
,"/Users/mrbigfoot/code_projects/project-aistivus/aistivus/frontend/src/components/Layout.tsx": {"path":"/Users/mrbigfoot/code_projects/project-aistivus/aistivus/frontend/src/components/Layout.tsx","statementMap":{"0":{"start":{"line":3,"column":18},"end":{"line":10,"column":null}},"1":{"start":{"line":13,"column":2},"end":{"line":39,"column":null}},"2":{"start":{"line":19,"column":10},"end":{"line":32,"column":null}},"3":{"start":{"line":24,"column":14},"end":{"line":27,"column":null}}},"fnMap":{"0":{"name":"Layout","decl":{"start":{"line":12,"column":24},"end":{"line":12,"column":52}},"loc":{"start":{"line":12,"column":52},"end":{"line":39,"column":null}},"line":12},"1":{"name":"(anonymous_1)","decl":{"start":{"line":18,"column":19},"end":{"line":18,"column":24}},"loc":{"start":{"line":19,"column":10},"end":{"line":32,"column":null}},"line":19},"2":{"name":"(anonymous_2)","decl":{"start":{"line":23,"column":12},"end":{"line":23,"column":24}},"loc":{"start":{"line":24,"column":14},"end":{"line":27,"column":null}},"line":24}},"branchMap":{"0":{"loc":{"start":{"line":25,"column":16},"end":{"line":27,"column":null}},"type":"cond-expr","locations":[{"start":{"line":26,"column":20},"end":{"line":26,"column":null}},{"start":{"line":27,"column":20},"end":{"line":27,"column":null}}],"line":25}},"s":{"0":1,"1":3,"2":18,"3":18},"f":{"0":3,"1":18,"2":18},"b":{"0":[3,15]},"meta":{"lastBranch":1,"lastFunction":3,"lastStatement":4,"seen":{"s:3:18:10:Infinity":0,"f:12:24:12:52":0,"s:13:2:39:Infinity":1,"f:18:19:18:24":1,"s:19:10:32:Infinity":2,"f:23:12:23:24":2,"s:24:14:27:Infinity":3,"b:26:20:26:Infinity:27:20:27:Infinity":0}}}
,"/Users/mrbigfoot/code_projects/project-aistivus/aistivus/frontend/src/hooks/useApplications.ts": {"path":"/Users/mrbigfoot/code_projects/project-aistivus/aistivus/frontend/src/hooks/useApplications.ts","statementMap":{"0":{"start":{"line":7,"column":14},"end":{"line":7,"column":49}},"1":{"start":{"line":8,"column":2},"end":{"line":8,"column":null}},"2":{"start":{"line":8,"column":15},"end":{"line":8,"column":null}},"3":{"start":{"line":9,"column":2},"end":{"line":9,"column":null}},"4":{"start":{"line":13,"column":14},"end":{"line":13,"column":55}},"5":{"start":{"line":14,"column":2},"end":{"line":14,"column":null}},"6":{"start":{"line":14,"column":15},"end":{"line":14,"column":null}},"7":{"start":{"line":15,"column":2},"end":{"line":15,"column":null}},"8":{"start":{"line":21,"column":2},"end":{"line":21,"column":null}},"9":{"start":{"line":25,"column":2},"end":{"line":29,"column":null}},"10":{"start":{"line":27,"column":19},"end":{"line":27,"column":46}},"11":{"start":{"line":45,"column":8},"end":{"line":45,"column":29}},"12":{"start":{"line":46,"column":2},"end":{"line":59,"column":null}},"13":{"start":{"line":48,"column":18},"end":{"line":52,"column":8}},"14":{"start":{"line":53,"column":6},"end":{"line":53,"column":null}},"15":{"start":{"line":53,"column":19},"end":{"line":53,"column":null}},"16":{"start":{"line":56,"column":6},"end":{"line":56,"column":null}},"17":{"start":{"line":57,"column":6},"end":{"line":57,"column":null}},"18":{"start":{"line":71,"column":8},"end":{"line":71,"column":29}},"19":{"start":{"line":72,"column":2},"end":{"line":84,"column":null}},"20":{"start":{"line":74,"column":18},"end":{"line":78,"column":8}},"21":{"start":{"line":79,"column":6},"end":{"line":79,"column":null}},"22":{"start":{"line":79,"column":19},"end":{"line":79,"column":null}},"23":{"start":{"line":82,"column":6},"end":{"line":82,"column":null}},"24":{"start":{"line":93,"column":8},"end":{"line":93,"column":29}},"25":{"start":{"line":94,"column":2},"end":{"line":104,"column":null}},"26":{"start":{"line":96,"column":18},"end":{"line":98,"column":8}},"27":{"start":{"line":99,"column":6},"end":{"line":99,"column":null}},"28":{"start":{"line":99,"column":19},"end":{"line":99,"column":null}},"29":{"start":{"line":102,"column":6},"end":{"line":102,"column":null}},"30":{"start":{"line":108,"column":8},"end":{"line":108,"column":29}},"31":{"start":{"line":109,"column":2},"end":{"line":120,"column":null}},"32":{"start":{"line":111,"column":18},"end":{"line":113,"column":8}},"33":{"start":{"line":114,"column":6},"end":{"line":114,"column":null}},"34":{"start":{"line":114,"column":19},"end":{"line":114,"column":null}},"35":{"start":{"line":115,"column":6},"end":{"line":115,"column":null}},"36":{"start":{"line":118,"column":6},"end":{"line":118,"column":null}}},"fnMap":{"0":{"name":"fetchApplications","decl":{"start":{"line":6,"column":15},"end":{"line":6,"column":67}},"loc":{"start":{"line":6,"column":67},"end":{"line":9,"column":null}},"line":6},"1":{"name":"fetchApplicationDetail","decl":{"start":{"line":12,"column":15},"end":{"line":12,"column":38}},"loc":{"start":{"line":12,"column":86},"end":{"line":15,"column":null}},"line":12},"2":{"name":"useApplications","decl":{"start":{"line":20,"column":16},"end":{"line":20,"column":34}},"loc":{"start":{"line":20,"column":34},"end":{"line":21,"column":null}},"line":20},"3":{"name":"useApplicationDetail","decl":{"start":{"line":24,"column":16},"end":{"line":24,"column":37}},"loc":{"start":{"line":24,"column":61},"end":{"line":29,"column":null}},"line":24},"4":{"name":"(anonymous_4)","decl":{"start":{"line":27,"column":4},"end":{"line":27,"column":19}},"loc":{"start":{"line":27,"column":19},"end":{"line":27,"column":46}},"line":27},"5":{"name":"usePatchApplication","decl":{"start":{"line":44,"column":16},"end":{"line":44,"column":38}},"loc":{"start":{"line":44,"column":38},"end":{"line":59,"column":null}},"line":44},"6":{"name":"(anonymous_6)","decl":{"start":{"line":47,"column":16},"end":{"line":47,"column":23}},"loc":{"start":{"line":47,"column":79},"end":{"line":53,"column":null}},"line":47},"7":{"name":"(anonymous_7)","decl":{"start":{"line":55,"column":4},"end":{"line":55,"column":16}},"loc":{"start":{"line":55,"column":45},"end":{"line":57,"column":null}},"line":55},"8":{"name":"useAddLog","decl":{"start":{"line":70,"column":16},"end":{"line":70,"column":28}},"loc":{"start":{"line":70,"column":28},"end":{"line":84,"column":null}},"line":70},"9":{"name":"(anonymous_9)","decl":{"start":{"line":73,"column":16},"end":{"line":73,"column":23}},"loc":{"start":{"line":73,"column":69},"end":{"line":79,"column":null}},"line":73},"10":{"name":"(anonymous_10)","decl":{"start":{"line":81,"column":4},"end":{"line":81,"column":16}},"loc":{"start":{"line":81,"column":45},"end":{"line":82,"column":null}},"line":81},"11":{"name":"useDeleteLog","decl":{"start":{"line":92,"column":16},"end":{"line":92,"column":31}},"loc":{"start":{"line":92,"column":31},"end":{"line":104,"column":null}},"line":92},"12":{"name":"(anonymous_12)","decl":{"start":{"line":95,"column":16},"end":{"line":95,"column":23}},"loc":{"start":{"line":95,"column":70},"end":{"line":99,"column":null}},"line":95},"13":{"name":"(anonymous_13)","decl":{"start":{"line":101,"column":4},"end":{"line":101,"column":16}},"loc":{"start":{"line":101,"column":45},"end":{"line":102,"column":null}},"line":101},"14":{"name":"useGeneratePrompt","decl":{"start":{"line":107,"column":16},"end":{"line":107,"column":36}},"loc":{"start":{"line":107,"column":36},"end":{"line":120,"column":null}},"line":107},"15":{"name":"(anonymous_15)","decl":{"start":{"line":110,"column":16},"end":{"line":110,"column":23}},"loc":{"start":{"line":110,"column":94},"end":{"line":115,"column":null}},"line":110},"16":{"name":"(anonymous_16)","decl":{"start":{"line":117,"column":4},"end":{"line":117,"column":16}},"loc":{"start":{"line":117,"column":41},"end":{"line":118,"column":null}},"line":117}},"branchMap":{"0":{"loc":{"start":{"line":8,"column":2},"end":{"line":8,"column":null}},"type":"if","locations":[{"start":{"line":8,"column":2},"end":{"line":8,"column":null}},{"start":{},"end":{}}],"line":8},"1":{"loc":{"start":{"line":14,"column":2},"end":{"line":14,"column":null}},"type":"if","locations":[{"start":{"line":14,"column":2},"end":{"line":14,"column":null}},{"start":{},"end":{}}],"line":14},"2":{"loc":{"start":{"line":53,"column":6},"end":{"line":53,"column":null}},"type":"if","locations":[{"start":{"line":53,"column":6},"end":{"line":53,"column":null}},{"start":{},"end":{}}],"line":53},"3":{"loc":{"start":{"line":79,"column":6},"end":{"line":79,"column":null}},"type":"if","locations":[{"start":{"line":79,"column":6},"end":{"line":79,"column":null}},{"start":{},"end":{}}],"line":79},"4":{"loc":{"start":{"line":99,"column":6},"end":{"line":99,"column":null}},"type":"if","locations":[{"start":{"line":99,"column":6},"end":{"line":99,"column":null}},{"start":{},"end":{}}],"line":99},"5":{"loc":{"start":{"line":114,"column":6},"end":{"line":114,"column":null}},"type":"if","locations":[{"start":{"line":114,"column":6},"end":{"line":114,"column":null}},{"start":{},"end":{}}],"line":114}},"s":{"0":7,"1":7,"2":2,"3":5,"4":15,"5":15,"6":2,"7":13,"8":13,"9":30,"10":15,"11":29,"12":29,"13":2,"14":2,"15":1,"16":1,"17":1,"18":15,"19":15,"20":2,"21":2,"22":1,"23":1,"24":2,"25":2,"26":1,"27":1,"28":0,"29":1,"30":27,"31":27,"32":1,"33":1,"34":0,"35":1,"36":1},"f":{"0":7,"1":15,"2":13,"3":30,"4":15,"5":29,"6":2,"7":1,"8":15,"9":2,"10":1,"11":2,"12":1,"13":1,"14":27,"15":1,"16":1},"b":{"0":[2,5],"1":[2,13],"2":[1,1],"3":[1,1],"4":[0,1],"5":[0,1]},"meta":{"lastBranch":6,"lastFunction":17,"lastStatement":37,"seen":{"f:6:15:6:67":0,"s:7:14:7:49":0,"b:8:2:8:Infinity:undefined:undefined:undefined:undefined":0,"s:8:2:8:Infinity":1,"s:8:15:8:Infinity":2,"s:9:2:9:Infinity":3,"f:12:15:12:38":1,"s:13:14:13:55":4,"b:14:2:14:Infinity:undefined:undefined:undefined:undefined":1,"s:14:2:14:Infinity":5,"s:14:15:14:Infinity":6,"s:15:2:15:Infinity":7,"f:20:16:20:34":2,"s:21:2:21:Infinity":8,"f:24:16:24:37":3,"s:25:2:29:Infinity":9,"f:27:4:27:19":4,"s:27:19:27:46":10,"f:44:16:44:38":5,"s:45:8:45:29":11,"s:46:2:59:Infinity":12,"f:47:16:47:23":6,"s:48:18:52:8":13,"b:53:6:53:Infinity:undefined:undefined:undefined:undefined":2,"s:53:6:53:Infinity":14,"s:53:19:53:Infinity":15,"f:55:4:55:16":7,"s:56:6:56:Infinity":16,"s:57:6:57:Infinity":17,"f:70:16:70:28":8,"s:71:8:71:29":18,"s:72:2:84:Infinity":19,"f:73:16:73:23":9,"s:74:18:78:8":20,"b:79:6:79:Infinity:undefined:undefined:undefined:undefined":3,"s:79:6:79:Infinity":21,"s:79:19:79:Infinity":22,"f:81:4:81:16":10,"s:82:6:82:Infinity":23,"f:92:16:92:31":11,"s:93:8:93:29":24,"s:94:2:104:Infinity":25,"f:95:16:95:23":12,"s:96:18:98:8":26,"b:99:6:99:Infinity:undefined:undefined:undefined:undefined":4,"s:99:6:99:Infinity":27,"s:99:19:99:Infinity":28,"f:101:4:101:16":13,"s:102:6:102:Infinity":29,"f:107:16:107:36":14,"s:108:8:108:29":30,"s:109:2:120:Infinity":31,"f:110:16:110:23":15,"s:111:18:113:8":32,"b:114:6:114:Infinity:undefined:undefined:undefined:undefined":5,"s:114:6:114:Infinity":33,"s:114:19:114:Infinity":34,"s:115:6:115:Infinity":35,"f:117:4:117:16":16,"s:118:6:118:Infinity":36}}}
,"/Users/mrbigfoot/code_projects/project-aistivus/aistivus/frontend/src/hooks/useEvaluate.ts": {"path":"/Users/mrbigfoot/code_projects/project-aistivus/aistivus/frontend/src/hooks/useEvaluate.ts","statementMap":{"0":{"start":{"line":7,"column":14},"end":{"line":7,"column":43}},"1":{"start":{"line":8,"column":2},"end":{"line":8,"column":null}},"2":{"start":{"line":8,"column":15},"end":{"line":8,"column":null}},"3":{"start":{"line":9,"column":16},"end":{"line":9,"column":32}},"4":{"start":{"line":10,"column":2},"end":{"line":10,"column":null}},"5":{"start":{"line":16,"column":2},"end":{"line":16,"column":null}},"6":{"start":{"line":33,"column":14},"end":{"line":37,"column":4}},"7":{"start":{"line":38,"column":2},"end":{"line":38,"column":null}},"8":{"start":{"line":38,"column":15},"end":{"line":38,"column":null}},"9":{"start":{"line":39,"column":2},"end":{"line":39,"column":null}},"10":{"start":{"line":43,"column":8},"end":{"line":43,"column":29}},"11":{"start":{"line":44,"column":2},"end":{"line":49,"column":null}},"12":{"start":{"line":47,"column":6},"end":{"line":47,"column":null}},"13":{"start":{"line":76,"column":14},"end":{"line":80,"column":4}},"14":{"start":{"line":81,"column":2},"end":{"line":83,"column":null}},"15":{"start":{"line":82,"column":17},"end":{"line":82,"column":51}},"16":{"start":{"line":82,"column":47},"end":{"line":82,"column":49}},"17":{"start":{"line":83,"column":4},"end":{"line":83,"column":null}},"18":{"start":{"line":85,"column":2},"end":{"line":85,"column":null}},"19":{"start":{"line":89,"column":8},"end":{"line":89,"column":29}},"20":{"start":{"line":90,"column":2},"end":{"line":95,"column":null}},"21":{"start":{"line":93,"column":6},"end":{"line":93,"column":null}}},"fnMap":{"0":{"name":"fetchModels","decl":{"start":{"line":6,"column":15},"end":{"line":6,"column":50}},"loc":{"start":{"line":6,"column":50},"end":{"line":10,"column":null}},"line":6},"1":{"name":"useModels","decl":{"start":{"line":15,"column":16},"end":{"line":15,"column":28}},"loc":{"start":{"line":15,"column":28},"end":{"line":16,"column":null}},"line":15},"2":{"name":"postEvaluate","decl":{"start":{"line":32,"column":15},"end":{"line":32,"column":28}},"loc":{"start":{"line":32,"column":81},"end":{"line":39,"column":null}},"line":32},"3":{"name":"useEvaluateMutation","decl":{"start":{"line":42,"column":16},"end":{"line":42,"column":38}},"loc":{"start":{"line":42,"column":38},"end":{"line":49,"column":null}},"line":42},"4":{"name":"(anonymous_4)","decl":{"start":{"line":46,"column":4},"end":{"line":46,"column":21}},"loc":{"start":{"line":46,"column":21},"end":{"line":47,"column":null}},"line":46},"5":{"name":"postImportEvaluation","decl":{"start":{"line":73,"column":15},"end":{"line":73,"column":null}},"loc":{"start":{"line":75,"column":56},"end":{"line":85,"column":null}},"line":75},"6":{"name":"(anonymous_6)","decl":{"start":{"line":82,"column":34},"end":{"line":82,"column":47}},"loc":{"start":{"line":82,"column":47},"end":{"line":82,"column":49}},"line":82},"7":{"name":"useImportEvaluationMutation","decl":{"start":{"line":88,"column":16},"end":{"line":88,"column":46}},"loc":{"start":{"line":88,"column":46},"end":{"line":95,"column":null}},"line":88},"8":{"name":"(anonymous_8)","decl":{"start":{"line":92,"column":4},"end":{"line":92,"column":21}},"loc":{"start":{"line":92,"column":21},"end":{"line":93,"column":null}},"line":92}},"branchMap":{"0":{"loc":{"start":{"line":8,"column":2},"end":{"line":8,"column":null}},"type":"if","locations":[{"start":{"line":8,"column":2},"end":{"line":8,"column":null}},{"start":{},"end":{}}],"line":8},"1":{"loc":{"start":{"line":38,"column":2},"end":{"line":38,"column":null}},"type":"if","locations":[{"start":{"line":38,"column":2},"end":{"line":38,"column":null}},{"start":{},"end":{}}],"line":38},"2":{"loc":{"start":{"line":81,"column":2},"end":{"line":83,"column":null}},"type":"if","locations":[{"start":{"line":81,"column":2},"end":{"line":83,"column":null}},{"start":{},"end":{}}],"line":81},"3":{"loc":{"start":{"line":83,"column":20},"end":{"line":83,"column":68}},"type":"binary-expr","locations":[{"start":{"line":83,"column":20},"end":{"line":83,"column":34}},{"start":{"line":83,"column":34},"end":{"line":83,"column":68}}],"line":83}},"s":{"0":13,"1":13,"2":1,"3":12,"4":12,"5":127,"6":3,"7":3,"8":1,"9":2,"10":127,"11":127,"12":2,"13":2,"14":2,"15":1,"16":0,"17":1,"18":1,"19":127,"20":127,"21":1},"f":{"0":13,"1":127,"2":3,"3":127,"4":2,"5":2,"6":0,"7":127,"8":1},"b":{"0":[1,12],"1":[1,2],"2":[1,1],"3":[1,0]},"meta":{"lastBranch":4,"lastFunction":9,"lastStatement":22,"seen":{"f:6:15:6:50":0,"s:7:14:7:43":0,"b:8:2:8:Infinity:undefined:undefined:undefined:undefined":0,"s:8:2:8:Infinity":1,"s:8:15:8:Infinity":2,"s:9:16:9:32":3,"s:10:2:10:Infinity":4,"f:15:16:15:28":1,"s:16:2:16:Infinity":5,"f:32:15:32:28":2,"s:33:14:37:4":6,"b:38:2:38:Infinity:undefined:undefined:undefined:undefined":1,"s:38:2:38:Infinity":7,"s:38:15:38:Infinity":8,"s:39:2:39:Infinity":9,"f:42:16:42:38":3,"s:43:8:43:29":10,"s:44:2:49:Infinity":11,"f:46:4:46:21":4,"s:47:6:47:Infinity":12,"f:73:15:73:Infinity":5,"s:76:14:80:4":13,"b:81:2:83:Infinity:undefined:undefined:undefined:undefined":2,"s:81:2:83:Infinity":14,"s:82:17:82:51":15,"f:82:34:82:47":6,"s:82:47:82:49":16,"s:83:4:83:Infinity":17,"b:83:20:83:34:83:34:83:68":3,"s:85:2:85:Infinity":18,"f:88:16:88:46":7,"s:89:8:89:29":19,"s:90:2:95:Infinity":20,"f:92:4:92:21":8,"s:93:6:93:Infinity":21}}}
,"/Users/mrbigfoot/code_projects/project-aistivus/aistivus/frontend/src/hooks/useJobs.ts": {"path":"/Users/mrbigfoot/code_projects/project-aistivus/aistivus/frontend/src/hooks/useJobs.ts","statementMap":{"0":{"start":{"line":7,"column":14},"end":{"line":7,"column":41}},"1":{"start":{"line":8,"column":2},"end":{"line":8,"column":null}},"2":{"start":{"line":8,"column":15},"end":{"line":8,"column":null}},"3":{"start":{"line":9,"column":2},"end":{"line":9,"column":null}},"4":{"start":{"line":13,"column":14},"end":{"line":13,"column":50}},"5":{"start":{"line":14,"column":2},"end":{"line":14,"column":null}},"6":{"start":{"line":14,"column":15},"end":{"line":14,"column":null}},"7":{"start":{"line":15,"column":2},"end":{"line":15,"column":null}},"8":{"start":{"line":21,"column":2},"end":{"line":21,"column":null}},"9":{"start":{"line":25,"column":2},"end":{"line":29,"column":null}},"10":{"start":{"line":27,"column":19},"end":{"line":27,"column":41}},"11":{"start":{"line":52,"column":8},"end":{"line":52,"column":29}},"12":{"start":{"line":53,"column":2},"end":{"line":66,"column":null}},"13":{"start":{"line":55,"column":18},"end":{"line":59,"column":8}},"14":{"start":{"line":60,"column":6},"end":{"line":60,"column":null}},"15":{"start":{"line":60,"column":19},"end":{"line":60,"column":null}},"16":{"start":{"line":63,"column":6},"end":{"line":63,"column":null}},"17":{"start":{"line":64,"column":6},"end":{"line":64,"column":null}},"18":{"start":{"line":70,"column":8},"end":{"line":70,"column":29}},"19":{"start":{"line":71,"column":2},"end":{"line":86,"column":null}},"20":{"start":{"line":73,"column":18},"end":{"line":77,"column":8}},"21":{"start":{"line":78,"column":6},"end":{"line":80,"column":null}},"22":{"start":{"line":79,"column":21},"end":{"line":79,"column":55}},"23":{"start":{"line":79,"column":51},"end":{"line":79,"column":53}},"24":{"start":{"line":80,"column":8},"end":{"line":80,"column":null}},"25":{"start":{"line":84,"column":6},"end":{"line":84,"column":null}}},"fnMap":{"0":{"name":"fetchJobs","decl":{"start":{"line":6,"column":15},"end":{"line":6,"column":51}},"loc":{"start":{"line":6,"column":51},"end":{"line":9,"column":null}},"line":6},"1":{"name":"fetchJobDetail","decl":{"start":{"line":12,"column":15},"end":{"line":12,"column":30}},"loc":{"start":{"line":12,"column":73},"end":{"line":15,"column":null}},"line":12},"2":{"name":"useJobs","decl":{"start":{"line":20,"column":16},"end":{"line":20,"column":26}},"loc":{"start":{"line":20,"column":26},"end":{"line":21,"column":null}},"line":20},"3":{"name":"useJobDetail","decl":{"start":{"line":24,"column":16},"end":{"line":24,"column":29}},"loc":{"start":{"line":24,"column":56},"end":{"line":29,"column":null}},"line":24},"4":{"name":"(anonymous_4)","decl":{"start":{"line":27,"column":4},"end":{"line":27,"column":19}},"loc":{"start":{"line":27,"column":19},"end":{"line":27,"column":41}},"line":27},"5":{"name":"usePatchJob","decl":{"start":{"line":51,"column":16},"end":{"line":51,"column":30}},"loc":{"start":{"line":51,"column":30},"end":{"line":66,"column":null}},"line":51},"6":{"name":"(anonymous_6)","decl":{"start":{"line":54,"column":16},"end":{"line":54,"column":23}},"loc":{"start":{"line":54,"column":63},"end":{"line":60,"column":null}},"line":54},"7":{"name":"(anonymous_7)","decl":{"start":{"line":62,"column":4},"end":{"line":62,"column":16}},"loc":{"start":{"line":62,"column":37},"end":{"line":64,"column":null}},"line":62},"8":{"name":"useStartApplication","decl":{"start":{"line":69,"column":16},"end":{"line":69,"column":38}},"loc":{"start":{"line":69,"column":38},"end":{"line":86,"column":null}},"line":69},"9":{"name":"(anonymous_9)","decl":{"start":{"line":72,"column":16},"end":{"line":72,"column":23}},"loc":{"start":{"line":72,"column":41},"end":{"line":80,"column":null}},"line":72},"10":{"name":"(anonymous_10)","decl":{"start":{"line":79,"column":38},"end":{"line":79,"column":51}},"loc":{"start":{"line":79,"column":51},"end":{"line":79,"column":53}},"line":79},"11":{"name":"(anonymous_11)","decl":{"start":{"line":83,"column":4},"end":{"line":83,"column":21}},"loc":{"start":{"line":83,"column":21},"end":{"line":84,"column":null}},"line":83}},"branchMap":{"0":{"loc":{"start":{"line":8,"column":2},"end":{"line":8,"column":null}},"type":"if","locations":[{"start":{"line":8,"column":2},"end":{"line":8,"column":null}},{"start":{},"end":{}}],"line":8},"1":{"loc":{"start":{"line":14,"column":2},"end":{"line":14,"column":null}},"type":"if","locations":[{"start":{"line":14,"column":2},"end":{"line":14,"column":null}},{"start":{},"end":{}}],"line":14},"2":{"loc":{"start":{"line":60,"column":6},"end":{"line":60,"column":null}},"type":"if","locations":[{"start":{"line":60,"column":6},"end":{"line":60,"column":null}},{"start":{},"end":{}}],"line":60},"3":{"loc":{"start":{"line":78,"column":6},"end":{"line":80,"column":null}},"type":"if","locations":[{"start":{"line":78,"column":6},"end":{"line":80,"column":null}},{"start":{},"end":{}}],"line":78},"4":{"loc":{"start":{"line":80,"column":24},"end":{"line":80,"column":72}},"type":"binary-expr","locations":[{"start":{"line":80,"column":24},"end":{"line":80,"column":38}},{"start":{"line":80,"column":38},"end":{"line":80,"column":72}}],"line":80}},"s":{"0":8,"1":8,"2":2,"3":6,"4":13,"5":13,"6":2,"7":11,"8":15,"9":27,"10":13,"11":15,"12":15,"13":2,"14":2,"15":1,"16":1,"17":1,"18":14,"19":14,"20":2,"21":2,"22":1,"23":0,"24":1,"25":1},"f":{"0":8,"1":13,"2":15,"3":27,"4":13,"5":15,"6":2,"7":1,"8":14,"9":2,"10":0,"11":1},"b":{"0":[2,6],"1":[2,11],"2":[1,1],"3":[1,1],"4":[1,0]},"meta":{"lastBranch":5,"lastFunction":12,"lastStatement":26,"seen":{"f:6:15:6:51":0,"s:7:14:7:41":0,"b:8:2:8:Infinity:undefined:undefined:undefined:undefined":0,"s:8:2:8:Infinity":1,"s:8:15:8:Infinity":2,"s:9:2:9:Infinity":3,"f:12:15:12:30":1,"s:13:14:13:50":4,"b:14:2:14:Infinity:undefined:undefined:undefined:undefined":1,"s:14:2:14:Infinity":5,"s:14:15:14:Infinity":6,"s:15:2:15:Infinity":7,"f:20:16:20:26":2,"s:21:2:21:Infinity":8,"f:24:16:24:29":3,"s:25:2:29:Infinity":9,"f:27:4:27:19":4,"s:27:19:27:41":10,"f:51:16:51:30":5,"s:52:8:52:29":11,"s:53:2:66:Infinity":12,"f:54:16:54:23":6,"s:55:18:59:8":13,"b:60:6:60:Infinity:undefined:undefined:undefined:undefined":2,"s:60:6:60:Infinity":14,"s:60:19:60:Infinity":15,"f:62:4:62:16":7,"s:63:6:63:Infinity":16,"s:64:6:64:Infinity":17,"f:69:16:69:38":8,"s:70:8:70:29":18,"s:71:2:86:Infinity":19,"f:72:16:72:23":9,"s:73:18:77:8":20,"b:78:6:80:Infinity:undefined:undefined:undefined:undefined":3,"s:78:6:80:Infinity":21,"s:79:21:79:55":22,"f:79:38:79:51":10,"s:79:51:79:53":23,"s:80:8:80:Infinity":24,"b:80:24:80:38:80:38:80:72":4,"f:83:4:83:21":11,"s:84:6:84:Infinity":25}}}
,"/Users/mrbigfoot/code_projects/project-aistivus/aistivus/frontend/src/hooks/useLLMUsage.ts": {"path":"/Users/mrbigfoot/code_projects/project-aistivus/aistivus/frontend/src/hooks/useLLMUsage.ts","statementMap":{"0":{"start":{"line":11,"column":13},"end":{"line":11,"column":34}},"1":{"start":{"line":12,"column":2},"end":{"line":12,"column":null}},"2":{"start":{"line":12,"column":29},"end":{"line":12,"column":null}},"3":{"start":{"line":13,"column":2},"end":{"line":13,"column":null}},"4":{"start":{"line":13,"column":24},"end":{"line":13,"column":null}},"5":{"start":{"line":14,"column":2},"end":{"line":14,"column":null}},"6":{"start":{"line":14,"column":20},"end":{"line":14,"column":null}},"7":{"start":{"line":15,"column":14},"end":{"line":15,"column":null}},"8":{"start":{"line":16,"column":14},"end":{"line":16,"column":30}},"9":{"start":{"line":17,"column":2},"end":{"line":17,"column":null}},"10":{"start":{"line":17,"column":15},"end":{"line":17,"column":null}},"11":{"start":{"line":18,"column":2},"end":{"line":18,"column":null}},"12":{"start":{"line":22,"column":2},"end":{"line":25,"column":null}},"13":{"start":{"line":24,"column":19},"end":{"line":24,"column":null}}},"fnMap":{"0":{"name":"fetchLlmCallLog","decl":{"start":{"line":10,"column":15},"end":{"line":10,"column":31}},"loc":{"start":{"line":10,"column":85},"end":{"line":18,"column":null}},"line":10},"1":{"name":"useLlmCallLog","decl":{"start":{"line":21,"column":16},"end":{"line":21,"column":30}},"loc":{"start":{"line":21,"column":61},"end":{"line":25,"column":null}},"line":21},"2":{"name":"(anonymous_2)","decl":{"start":{"line":24,"column":4},"end":{"line":24,"column":19}},"loc":{"start":{"line":24,"column":19},"end":{"line":24,"column":null}},"line":24}},"branchMap":{"0":{"loc":{"start":{"line":12,"column":2},"end":{"line":12,"column":null}},"type":"if","locations":[{"start":{"line":12,"column":2},"end":{"line":12,"column":null}},{"start":{},"end":{}}],"line":12},"1":{"loc":{"start":{"line":13,"column":2},"end":{"line":13,"column":null}},"type":"if","locations":[{"start":{"line":13,"column":2},"end":{"line":13,"column":null}},{"start":{},"end":{}}],"line":13},"2":{"loc":{"start":{"line":14,"column":2},"end":{"line":14,"column":null}},"type":"if","locations":[{"start":{"line":14,"column":2},"end":{"line":14,"column":null}},{"start":{},"end":{}}],"line":14},"3":{"loc":{"start":{"line":15,"column":37},"end":{"line":15,"column":null}},"type":"cond-expr","locations":[{"start":{"line":15,"column":53},"end":{"line":15,"column":75}},{"start":{"line":15,"column":75},"end":{"line":15,"column":null}}],"line":15},"4":{"loc":{"start":{"line":17,"column":2},"end":{"line":17,"column":null}},"type":"if","locations":[{"start":{"line":17,"column":2},"end":{"line":17,"column":null}},{"start":{},"end":{}}],"line":17},"5":{"loc":{"start":{"line":21,"column":30},"end":{"line":21,"column":59}},"type":"default-arg","locations":[{"start":{"line":21,"column":57},"end":{"line":21,"column":59}}],"line":21}},"s":{"0":14,"1":14,"2":1,"3":14,"4":1,"5":14,"6":11,"7":14,"8":14,"9":14,"10":2,"11":12,"12":24,"13":14},"f":{"0":14,"1":24,"2":14},"b":{"0":[1,13],"1":[1,13],"2":[11,3],"3":[12,2],"4":[2,12],"5":[24]},"meta":{"lastBranch":6,"lastFunction":3,"lastStatement":14,"seen":{"f:10:15:10:31":0,"s:11:13:11:34":0,"b:12:2:12:Infinity:undefined:undefined:undefined:undefined":0,"s:12:2:12:Infinity":1,"s:12:29:12:Infinity":2,"b:13:2:13:Infinity:undefined:undefined:undefined:undefined":1,"s:13:2:13:Infinity":3,"s:13:24:13:Infinity":4,"b:14:2:14:Infinity:undefined:undefined:undefined:undefined":2,"s:14:2:14:Infinity":5,"s:14:20:14:Infinity":6,"s:15:14:15:Infinity":7,"b:15:53:15:75:15:75:15:Infinity":3,"s:16:14:16:30":8,"b:17:2:17:Infinity:undefined:undefined:undefined:undefined":4,"s:17:2:17:Infinity":9,"s:17:15:17:Infinity":10,"s:18:2:18:Infinity":11,"f:21:16:21:30":1,"b:21:57:21:59":5,"s:22:2:25:Infinity":12,"f:24:4:24:19":2,"s:24:19:24:Infinity":13}}}
,"/Users/mrbigfoot/code_projects/project-aistivus/aistivus/frontend/src/hooks/useSettings.ts": {"path":"/Users/mrbigfoot/code_projects/project-aistivus/aistivus/frontend/src/hooks/useSettings.ts","statementMap":{"0":{"start":{"line":14,"column":14},"end":{"line":14,"column":45}},"1":{"start":{"line":15,"column":2},"end":{"line":15,"column":null}},"2":{"start":{"line":15,"column":15},"end":{"line":15,"column":null}},"3":{"start":{"line":16,"column":2},"end":{"line":16,"column":null}},"4":{"start":{"line":20,"column":2},"end":{"line":20,"column":null}},"5":{"start":{"line":26,"column":14},"end":{"line":26,"column":43}},"6":{"start":{"line":27,"column":2},"end":{"line":27,"column":null}},"7":{"start":{"line":27,"column":15},"end":{"line":27,"column":null}},"8":{"start":{"line":28,"column":16},"end":{"line":28,"column":32}},"9":{"start":{"line":29,"column":2},"end":{"line":29,"column":null}},"10":{"start":{"line":33,"column":2},"end":{"line":33,"column":null}},"11":{"start":{"line":44,"column":8},"end":{"line":44,"column":29}},"12":{"start":{"line":45,"column":2},"end":{"line":58,"column":null}},"13":{"start":{"line":47,"column":18},"end":{"line":51,"column":8}},"14":{"start":{"line":52,"column":6},"end":{"line":54,"column":null}},"15":{"start":{"line":53,"column":21},"end":{"line":53,"column":55}},"16":{"start":{"line":53,"column":51},"end":{"line":53,"column":53}},"17":{"start":{"line":54,"column":8},"end":{"line":54,"column":null}},"18":{"start":{"line":57,"column":21},"end":{"line":57,"column":null}},"19":{"start":{"line":72,"column":8},"end":{"line":72,"column":29}},"20":{"start":{"line":73,"column":2},"end":{"line":86,"column":null}},"21":{"start":{"line":75,"column":18},"end":{"line":79,"column":8}},"22":{"start":{"line":80,"column":6},"end":{"line":82,"column":null}},"23":{"start":{"line":81,"column":21},"end":{"line":81,"column":55}},"24":{"start":{"line":81,"column":51},"end":{"line":81,"column":53}},"25":{"start":{"line":82,"column":8},"end":{"line":82,"column":null}},"26":{"start":{"line":85,"column":21},"end":{"line":85,"column":null}},"27":{"start":{"line":90,"column":8},"end":{"line":90,"column":29}},"28":{"start":{"line":91,"column":2},"end":{"line":102,"column":null}},"29":{"start":{"line":93,"column":18},"end":{"line":95,"column":8}},"30":{"start":{"line":96,"column":6},"end":{"line":98,"column":null}},"31":{"start":{"line":97,"column":21},"end":{"line":97,"column":55}},"32":{"start":{"line":97,"column":51},"end":{"line":97,"column":53}},"33":{"start":{"line":98,"column":8},"end":{"line":98,"column":null}},"34":{"start":{"line":101,"column":21},"end":{"line":101,"column":null}},"35":{"start":{"line":106,"column":8},"end":{"line":106,"column":29}},"36":{"start":{"line":107,"column":2},"end":{"line":116,"column":null}},"37":{"start":{"line":109,"column":18},"end":{"line":109,"column":80}},"38":{"start":{"line":110,"column":6},"end":{"line":112,"column":null}},"39":{"start":{"line":111,"column":21},"end":{"line":111,"column":55}},"40":{"start":{"line":111,"column":51},"end":{"line":111,"column":53}},"41":{"start":{"line":112,"column":8},"end":{"line":112,"column":null}},"42":{"start":{"line":115,"column":21},"end":{"line":115,"column":null}},"43":{"start":{"line":122,"column":14},"end":{"line":122,"column":49}},"44":{"start":{"line":123,"column":2},"end":{"line":123,"column":null}},"45":{"start":{"line":123,"column":15},"end":{"line":123,"column":null}},"46":{"start":{"line":124,"column":2},"end":{"line":124,"column":null}},"47":{"start":{"line":128,"column":2},"end":{"line":128,"column":null}},"48":{"start":{"line":137,"column":8},"end":{"line":137,"column":29}},"49":{"start":{"line":138,"column":2},"end":{"line":151,"column":null}},"50":{"start":{"line":140,"column":18},"end":{"line":144,"column":8}},"51":{"start":{"line":145,"column":6},"end":{"line":147,"column":null}},"52":{"start":{"line":146,"column":21},"end":{"line":146,"column":55}},"53":{"start":{"line":146,"column":51},"end":{"line":146,"column":53}},"54":{"start":{"line":147,"column":8},"end":{"line":147,"column":null}},"55":{"start":{"line":150,"column":21},"end":{"line":150,"column":null}},"56":{"start":{"line":155,"column":8},"end":{"line":155,"column":29}},"57":{"start":{"line":156,"column":2},"end":{"line":165,"column":null}},"58":{"start":{"line":158,"column":18},"end":{"line":158,"column":85}},"59":{"start":{"line":159,"column":6},"end":{"line":161,"column":null}},"60":{"start":{"line":160,"column":21},"end":{"line":160,"column":55}},"61":{"start":{"line":160,"column":51},"end":{"line":160,"column":53}},"62":{"start":{"line":161,"column":8},"end":{"line":161,"column":null}},"63":{"start":{"line":164,"column":21},"end":{"line":164,"column":null}},"64":{"start":{"line":171,"column":14},"end":{"line":171,"column":55}},"65":{"start":{"line":172,"column":2},"end":{"line":172,"column":null}},"66":{"start":{"line":172,"column":15},"end":{"line":172,"column":null}},"67":{"start":{"line":173,"column":2},"end":{"line":173,"column":null}},"68":{"start":{"line":177,"column":2},"end":{"line":177,"column":null}},"69":{"start":{"line":181,"column":8},"end":{"line":181,"column":29}},"70":{"start":{"line":182,"column":2},"end":{"line":198,"column":null}},"71":{"start":{"line":184,"column":18},"end":{"line":188,"column":8}},"72":{"start":{"line":189,"column":6},"end":{"line":191,"column":null}},"73":{"start":{"line":190,"column":21},"end":{"line":190,"column":55}},"74":{"start":{"line":190,"column":51},"end":{"line":190,"column":53}},"75":{"start":{"line":191,"column":8},"end":{"line":191,"column":null}},"76":{"start":{"line":195,"column":6},"end":{"line":195,"column":null}},"77":{"start":{"line":196,"column":6},"end":{"line":196,"column":null}},"78":{"start":{"line":202,"column":14},"end":{"line":202,"column":64}},"79":{"start":{"line":203,"column":2},"end":{"line":203,"column":null}},"80":{"start":{"line":203,"column":15},"end":{"line":203,"column":null}},"81":{"start":{"line":204,"column":2},"end":{"line":204,"column":null}},"82":{"start":{"line":208,"column":2},"end":{"line":208,"column":null}},"83":{"start":{"line":212,"column":2},"end":{"line":220,"column":null}},"84":{"start":{"line":215,"column":18},"end":{"line":215,"column":81}},"85":{"start":{"line":216,"column":6},"end":{"line":216,"column":null}},"86":{"start":{"line":216,"column":19},"end":{"line":216,"column":null}},"87":{"start":{"line":217,"column":6},"end":{"line":217,"column":null}}},"fnMap":{"0":{"name":"fetchSettings","decl":{"start":{"line":13,"column":15},"end":{"line":13,"column":58}},"loc":{"start":{"line":13,"column":58},"end":{"line":16,"column":null}},"line":13},"1":{"name":"useSettings","decl":{"start":{"line":19,"column":16},"end":{"line":19,"column":30}},"loc":{"start":{"line":19,"column":30},"end":{"line":20,"column":null}},"line":19},"2":{"name":"fetchModels","decl":{"start":{"line":25,"column":15},"end":{"line":25,"column":50}},"loc":{"start":{"line":25,"column":50},"end":{"line":29,"column":null}},"line":25},"3":{"name":"useLlmModels","decl":{"start":{"line":32,"column":16},"end":{"line":32,"column":31}},"loc":{"start":{"line":32,"column":31},"end":{"line":33,"column":null}},"line":32},"4":{"name":"useCreateModel","decl":{"start":{"line":43,"column":16},"end":{"line":43,"column":33}},"loc":{"start":{"line":43,"column":33},"end":{"line":58,"column":null}},"line":43},"5":{"name":"(anonymous_5)","decl":{"start":{"line":46,"column":16},"end":{"line":46,"column":23}},"loc":{"start":{"line":46,"column":55},"end":{"line":54,"column":null}},"line":46},"6":{"name":"(anonymous_6)","decl":{"start":{"line":53,"column":38},"end":{"line":53,"column":51}},"loc":{"start":{"line":53,"column":51},"end":{"line":53,"column":53}},"line":53},"7":{"name":"(anonymous_7)","decl":{"start":{"line":57,"column":4},"end":{"line":57,"column":21}},"loc":{"start":{"line":57,"column":21},"end":{"line":57,"column":null}},"line":57},"8":{"name":"useUpdateModel","decl":{"start":{"line":71,"column":16},"end":{"line":71,"column":33}},"loc":{"start":{"line":71,"column":33},"end":{"line":86,"column":null}},"line":71},"9":{"name":"(anonymous_9)","decl":{"start":{"line":74,"column":16},"end":{"line":74,"column":23}},"loc":{"start":{"line":74,"column":68},"end":{"line":82,"column":null}},"line":74},"10":{"name":"(anonymous_10)","decl":{"start":{"line":81,"column":38},"end":{"line":81,"column":51}},"loc":{"start":{"line":81,"column":51},"end":{"line":81,"column":53}},"line":81},"11":{"name":"(anonymous_11)","decl":{"start":{"line":85,"column":4},"end":{"line":85,"column":21}},"loc":{"start":{"line":85,"column":21},"end":{"line":85,"column":null}},"line":85},"12":{"name":"useSetDefaultModel","decl":{"start":{"line":89,"column":16},"end":{"line":89,"column":37}},"loc":{"start":{"line":89,"column":37},"end":{"line":102,"column":null}},"line":89},"13":{"name":"(anonymous_13)","decl":{"start":{"line":92,"column":16},"end":{"line":92,"column":23}},"loc":{"start":{"line":92,"column":43},"end":{"line":98,"column":null}},"line":92},"14":{"name":"(anonymous_14)","decl":{"start":{"line":97,"column":38},"end":{"line":97,"column":51}},"loc":{"start":{"line":97,"column":51},"end":{"line":97,"column":53}},"line":97},"15":{"name":"(anonymous_15)","decl":{"start":{"line":101,"column":4},"end":{"line":101,"column":21}},"loc":{"start":{"line":101,"column":21},"end":{"line":101,"column":null}},"line":101},"16":{"name":"useDeleteModel","decl":{"start":{"line":105,"column":16},"end":{"line":105,"column":33}},"loc":{"start":{"line":105,"column":33},"end":{"line":116,"column":null}},"line":105},"17":{"name":"(anonymous_17)","decl":{"start":{"line":108,"column":16},"end":{"line":108,"column":23}},"loc":{"start":{"line":108,"column":43},"end":{"line":112,"column":null}},"line":108},"18":{"name":"(anonymous_18)","decl":{"start":{"line":111,"column":38},"end":{"line":111,"column":51}},"loc":{"start":{"line":111,"column":51},"end":{"line":111,"column":53}},"line":111},"19":{"name":"(anonymous_19)","decl":{"start":{"line":115,"column":4},"end":{"line":115,"column":21}},"loc":{"start":{"line":115,"column":21},"end":{"line":115,"column":null}},"line":115},"20":{"name":"fetchSystemTypes","decl":{"start":{"line":121,"column":15},"end":{"line":121,"column":57}},"loc":{"start":{"line":121,"column":57},"end":{"line":124,"column":null}},"line":121},"21":{"name":"useSystemTypes","decl":{"start":{"line":127,"column":16},"end":{"line":127,"column":33}},"loc":{"start":{"line":127,"column":33},"end":{"line":128,"column":null}},"line":127},"22":{"name":"useAddSystemType","decl":{"start":{"line":136,"column":16},"end":{"line":136,"column":35}},"loc":{"start":{"line":136,"column":35},"end":{"line":151,"column":null}},"line":136},"23":{"name":"(anonymous_23)","decl":{"start":{"line":139,"column":16},"end":{"line":139,"column":23}},"loc":{"start":{"line":139,"column":57},"end":{"line":147,"column":null}},"line":139},"24":{"name":"(anonymous_24)","decl":{"start":{"line":146,"column":38},"end":{"line":146,"column":51}},"loc":{"start":{"line":146,"column":51},"end":{"line":146,"column":53}},"line":146},"25":{"name":"(anonymous_25)","decl":{"start":{"line":150,"column":4},"end":{"line":150,"column":21}},"loc":{"start":{"line":150,"column":21},"end":{"line":150,"column":null}},"line":150},"26":{"name":"useDeleteSystemType","decl":{"start":{"line":154,"column":16},"end":{"line":154,"column":38}},"loc":{"start":{"line":154,"column":38},"end":{"line":165,"column":null}},"line":154},"27":{"name":"(anonymous_27)","decl":{"start":{"line":157,"column":16},"end":{"line":157,"column":23}},"loc":{"start":{"line":157,"column":42},"end":{"line":161,"column":null}},"line":157},"28":{"name":"(anonymous_28)","decl":{"start":{"line":160,"column":38},"end":{"line":160,"column":51}},"loc":{"start":{"line":160,"column":51},"end":{"line":160,"column":53}},"line":160},"29":{"name":"(anonymous_29)","decl":{"start":{"line":164,"column":4},"end":{"line":164,"column":21}},"loc":{"start":{"line":164,"column":21},"end":{"line":164,"column":null}},"line":164},"30":{"name":"fetchJobsearch","decl":{"start":{"line":170,"column":15},"end":{"line":170,"column":59}},"loc":{"start":{"line":170,"column":59},"end":{"line":173,"column":null}},"line":170},"31":{"name":"useJobsearch","decl":{"start":{"line":176,"column":16},"end":{"line":176,"column":31}},"loc":{"start":{"line":176,"column":31},"end":{"line":177,"column":null}},"line":176},"32":{"name":"useSaveJobsearch","decl":{"start":{"line":180,"column":16},"end":{"line":180,"column":35}},"loc":{"start":{"line":180,"column":35},"end":{"line":198,"column":null}},"line":180},"33":{"name":"(anonymous_33)","decl":{"start":{"line":183,"column":16},"end":{"line":183,"column":23}},"loc":{"start":{"line":183,"column":71},"end":{"line":191,"column":null}},"line":183},"34":{"name":"(anonymous_34)","decl":{"start":{"line":190,"column":38},"end":{"line":190,"column":51}},"loc":{"start":{"line":190,"column":51},"end":{"line":190,"column":53}},"line":190},"35":{"name":"(anonymous_35)","decl":{"start":{"line":194,"column":4},"end":{"line":194,"column":21}},"loc":{"start":{"line":194,"column":21},"end":{"line":196,"column":null}},"line":194},"36":{"name":"fetchJobsearchVersions","decl":{"start":{"line":201,"column":15},"end":{"line":201,"column":69}},"loc":{"start":{"line":201,"column":69},"end":{"line":204,"column":null}},"line":201},"37":{"name":"useJobsearchVersions","decl":{"start":{"line":207,"column":16},"end":{"line":207,"column":39}},"loc":{"start":{"line":207,"column":39},"end":{"line":208,"column":null}},"line":207},"38":{"name":"useJobsearchVersionContent","decl":{"start":{"line":211,"column":16},"end":{"line":211,"column":43}},"loc":{"start":{"line":211,"column":69},"end":{"line":220,"column":null}},"line":211},"39":{"name":"(anonymous_39)","decl":{"start":{"line":214,"column":13},"end":{"line":214,"column":25}},"loc":{"start":{"line":214,"column":25},"end":{"line":217,"column":null}},"line":214}},"branchMap":{"0":{"loc":{"start":{"line":15,"column":2},"end":{"line":15,"column":null}},"type":"if","locations":[{"start":{"line":15,"column":2},"end":{"line":15,"column":null}},{"start":{},"end":{}}],"line":15},"1":{"loc":{"start":{"line":27,"column":2},"end":{"line":27,"column":null}},"type":"if","locations":[{"start":{"line":27,"column":2},"end":{"line":27,"column":null}},{"start":{},"end":{}}],"line":27},"2":{"loc":{"start":{"line":52,"column":6},"end":{"line":54,"column":null}},"type":"if","locations":[{"start":{"line":52,"column":6},"end":{"line":54,"column":null}},{"start":{},"end":{}}],"line":52},"3":{"loc":{"start":{"line":54,"column":24},"end":{"line":54,"column":67}},"type":"binary-expr","locations":[{"start":{"line":54,"column":24},"end":{"line":54,"column":38}},{"start":{"line":54,"column":38},"end":{"line":54,"column":67}}],"line":54},"4":{"loc":{"start":{"line":80,"column":6},"end":{"line":82,"column":null}},"type":"if","locations":[{"start":{"line":80,"column":6},"end":{"line":82,"column":null}},{"start":{},"end":{}}],"line":80},"5":{"loc":{"start":{"line":82,"column":24},"end":{"line":82,"column":67}},"type":"binary-expr","locations":[{"start":{"line":82,"column":24},"end":{"line":82,"column":38}},{"start":{"line":82,"column":38},"end":{"line":82,"column":67}}],"line":82},"6":{"loc":{"start":{"line":96,"column":6},"end":{"line":98,"column":null}},"type":"if","locations":[{"start":{"line":96,"column":6},"end":{"line":98,"column":null}},{"start":{},"end":{}}],"line":96},"7":{"loc":{"start":{"line":98,"column":24},"end":{"line":98,"column":72}},"type":"binary-expr","locations":[{"start":{"line":98,"column":24},"end":{"line":98,"column":38}},{"start":{"line":98,"column":38},"end":{"line":98,"column":72}}],"line":98},"8":{"loc":{"start":{"line":110,"column":6},"end":{"line":112,"column":null}},"type":"if","locations":[{"start":{"line":110,"column":6},"end":{"line":112,"column":null}},{"start":{},"end":{}}],"line":110},"9":{"loc":{"start":{"line":112,"column":24},"end":{"line":112,"column":67}},"type":"binary-expr","locations":[{"start":{"line":112,"column":24},"end":{"line":112,"column":38}},{"start":{"line":112,"column":38},"end":{"line":112,"column":67}}],"line":112},"10":{"loc":{"start":{"line":123,"column":2},"end":{"line":123,"column":null}},"type":"if","locations":[{"start":{"line":123,"column":2},"end":{"line":123,"column":null}},{"start":{},"end":{}}],"line":123},"11":{"loc":{"start":{"line":145,"column":6},"end":{"line":147,"column":null}},"type":"if","locations":[{"start":{"line":145,"column":6},"end":{"line":147,"column":null}},{"start":{},"end":{}}],"line":145},"12":{"loc":{"start":{"line":147,"column":24},"end":{"line":147,"column":70}},"type":"binary-expr","locations":[{"start":{"line":147,"column":24},"end":{"line":147,"column":38}},{"start":{"line":147,"column":38},"end":{"line":147,"column":70}}],"line":147},"13":{"loc":{"start":{"line":159,"column":6},"end":{"line":161,"column":null}},"type":"if","locations":[{"start":{"line":159,"column":6},"end":{"line":161,"column":null}},{"start":{},"end":{}}],"line":159},"14":{"loc":{"start":{"line":161,"column":24},"end":{"line":161,"column":73}},"type":"binary-expr","locations":[{"start":{"line":161,"column":24},"end":{"line":161,"column":38}},{"start":{"line":161,"column":38},"end":{"line":161,"column":73}}],"line":161},"15":{"loc":{"start":{"line":172,"column":2},"end":{"line":172,"column":null}},"type":"if","locations":[{"start":{"line":172,"column":2},"end":{"line":172,"column":null}},{"start":{},"end":{}}],"line":172},"16":{"loc":{"start":{"line":189,"column":6},"end":{"line":191,"column":null}},"type":"if","locations":[{"start":{"line":189,"column":6},"end":{"line":191,"column":null}},{"start":{},"end":{}}],"line":189},"17":{"loc":{"start":{"line":191,"column":24},"end":{"line":191,"column":69}},"type":"binary-expr","locations":[{"start":{"line":191,"column":24},"end":{"line":191,"column":38}},{"start":{"line":191,"column":38},"end":{"line":191,"column":69}}],"line":191},"18":{"loc":{"start":{"line":203,"column":2},"end":{"line":203,"column":null}},"type":"if","locations":[{"start":{"line":203,"column":2},"end":{"line":203,"column":null}},{"start":{},"end":{}}],"line":203},"19":{"loc":{"start":{"line":216,"column":6},"end":{"line":216,"column":null}},"type":"if","locations":[{"start":{"line":216,"column":6},"end":{"line":216,"column":null}},{"start":{},"end":{}}],"line":216}},"s":{"0":2,"1":2,"2":1,"3":1,"4":4,"5":6,"6":6,"7":0,"8":6,"9":6,"10":10,"11":12,"12":12,"13":2,"14":2,"15":1,"16":0,"17":1,"18":1,"19":10,"20":10,"21":1,"22":1,"23":0,"24":0,"25":0,"26":1,"27":10,"28":10,"29":1,"30":1,"31":0,"32":0,"33":0,"34":1,"35":10,"36":10,"37":1,"38":1,"39":0,"40":0,"41":0,"42":1,"43":2,"44":2,"45":0,"46":2,"47":4,"48":4,"49":4,"50":1,"51":1,"52":0,"53":0,"54":0,"55":1,"56":4,"57":4,"58":1,"59":1,"60":0,"61":0,"62":0,"63":1,"64":2,"65":2,"66":0,"67":2,"68":4,"69":4,"70":4,"71":1,"72":1,"73":0,"74":0,"75":0,"76":1,"77":1,"78":2,"79":2,"80":0,"81":2,"82":4,"83":5,"84":1,"85":1,"86":0,"87":1},"f":{"0":2,"1":4,"2":6,"3":10,"4":12,"5":2,"6":0,"7":1,"8":10,"9":1,"10":0,"11":1,"12":10,"13":1,"14":0,"15":1,"16":10,"17":1,"18":0,"19":1,"20":2,"21":4,"22":4,"23":1,"24":0,"25":1,"26":4,"27":1,"28":0,"29":1,"30":2,"31":4,"32":4,"33":1,"34":0,"35":1,"36":2,"37":4,"38":5,"39":1},"b":{"0":[1,1],"1":[0,6],"2":[1,1],"3":[1,0],"4":[0,1],"5":[0,0],"6":[0,1],"7":[0,0],"8":[0,1],"9":[0,0],"10":[0,2],"11":[0,1],"12":[0,0],"13":[0,1],"14":[0,0],"15":[0,2],"16":[0,1],"17":[0,0],"18":[0,2],"19":[0,1]},"meta":{"lastBranch":20,"lastFunction":40,"lastStatement":88,"seen":{"f:13:15:13:58":0,"s:14:14:14:45":0,"b:15:2:15:Infinity:undefined:undefined:undefined:undefined":0,"s:15:2:15:Infinity":1,"s:15:15:15:Infinity":2,"s:16:2:16:Infinity":3,"f:19:16:19:30":1,"s:20:2:20:Infinity":4,"f:25:15:25:50":2,"s:26:14:26:43":5,"b:27:2:27:Infinity:undefined:undefined:undefined:undefined":1,"s:27:2:27:Infinity":6,"s:27:15:27:Infinity":7,"s:28:16:28:32":8,"s:29:2:29:Infinity":9,"f:32:16:32:31":3,"s:33:2:33:Infinity":10,"f:43:16:43:33":4,"s:44:8:44:29":11,"s:45:2:58:Infinity":12,"f:46:16:46:23":5,"s:47:18:51:8":13,"b:52:6:54:Infinity:undefined:undefined:undefined:undefined":2,"s:52:6:54:Infinity":14,"s:53:21:53:55":15,"f:53:38:53:51":6,"s:53:51:53:53":16,"s:54:8:54:Infinity":17,"b:54:24:54:38:54:38:54:67":3,"f:57:4:57:21":7,"s:57:21:57:Infinity":18,"f:71:16:71:33":8,"s:72:8:72:29":19,"s:73:2:86:Infinity":20,"f:74:16:74:23":9,"s:75:18:79:8":21,"b:80:6:82:Infinity:undefined:undefined:undefined:undefined":4,"s:80:6:82:Infinity":22,"s:81:21:81:55":23,"f:81:38:81:51":10,"s:81:51:81:53":24,"s:82:8:82:Infinity":25,"b:82:24:82:38:82:38:82:67":5,"f:85:4:85:21":11,"s:85:21:85:Infinity":26,"f:89:16:89:37":12,"s:90:8:90:29":27,"s:91:2:102:Infinity":28,"f:92:16:92:23":13,"s:93:18:95:8":29,"b:96:6:98:Infinity:undefined:undefined:undefined:undefined":6,"s:96:6:98:Infinity":30,"s:97:21:97:55":31,"f:97:38:97:51":14,"s:97:51:97:53":32,"s:98:8:98:Infinity":33,"b:98:24:98:38:98:38:98:72":7,"f:101:4:101:21":15,"s:101:21:101:Infinity":34,"f:105:16:105:33":16,"s:106:8:106:29":35,"s:107:2:116:Infinity":36,"f:108:16:108:23":17,"s:109:18:109:80":37,"b:110:6:112:Infinity:undefined:undefined:undefined:undefined":8,"s:110:6:112:Infinity":38,"s:111:21:111:55":39,"f:111:38:111:51":18,"s:111:51:111:53":40,"s:112:8:112:Infinity":41,"b:112:24:112:38:112:38:112:67":9,"f:115:4:115:21":19,"s:115:21:115:Infinity":42,"f:121:15:121:57":20,"s:122:14:122:49":43,"b:123:2:123:Infinity:undefined:undefined:undefined:undefined":10,"s:123:2:123:Infinity":44,"s:123:15:123:Infinity":45,"s:124:2:124:Infinity":46,"f:127:16:127:33":21,"s:128:2:128:Infinity":47,"f:136:16:136:35":22,"s:137:8:137:29":48,"s:138:2:151:Infinity":49,"f:139:16:139:23":23,"s:140:18:144:8":50,"b:145:6:147:Infinity:undefined:undefined:undefined:undefined":11,"s:145:6:147:Infinity":51,"s:146:21:146:55":52,"f:146:38:146:51":24,"s:146:51:146:53":53,"s:147:8:147:Infinity":54,"b:147:24:147:38:147:38:147:70":12,"f:150:4:150:21":25,"s:150:21:150:Infinity":55,"f:154:16:154:38":26,"s:155:8:155:29":56,"s:156:2:165:Infinity":57,"f:157:16:157:23":27,"s:158:18:158:85":58,"b:159:6:161:Infinity:undefined:undefined:undefined:undefined":13,"s:159:6:161:Infinity":59,"s:160:21:160:55":60,"f:160:38:160:51":28,"s:160:51:160:53":61,"s:161:8:161:Infinity":62,"b:161:24:161:38:161:38:161:73":14,"f:164:4:164:21":29,"s:164:21:164:Infinity":63,"f:170:15:170:59":30,"s:171:14:171:55":64,"b:172:2:172:Infinity:undefined:undefined:undefined:undefined":15,"s:172:2:172:Infinity":65,"s:172:15:172:Infinity":66,"s:173:2:173:Infinity":67,"f:176:16:176:31":31,"s:177:2:177:Infinity":68,"f:180:16:180:35":32,"s:181:8:181:29":69,"s:182:2:198:Infinity":70,"f:183:16:183:23":33,"s:184:18:188:8":71,"b:189:6:191:Infinity:undefined:undefined:undefined:undefined":16,"s:189:6:191:Infinity":72,"s:190:21:190:55":73,"f:190:38:190:51":34,"s:190:51:190:53":74,"s:191:8:191:Infinity":75,"b:191:24:191:38:191:38:191:69":17,"f:194:4:194:21":35,"s:195:6:195:Infinity":76,"s:196:6:196:Infinity":77,"f:201:15:201:69":36,"s:202:14:202:64":78,"b:203:2:203:Infinity:undefined:undefined:undefined:undefined":18,"s:203:2:203:Infinity":79,"s:203:15:203:Infinity":80,"s:204:2:204:Infinity":81,"f:207:16:207:39":37,"s:208:2:208:Infinity":82,"f:211:16:211:43":38,"s:212:2:220:Infinity":83,"f:214:13:214:25":39,"s:215:18:215:81":84,"b:216:6:216:Infinity:undefined:undefined:undefined:undefined":19,"s:216:6:216:Infinity":85,"s:216:19:216:Infinity":86,"s:217:6:217:Infinity":87}}}
,"/Users/mrbigfoot/code_projects/project-aistivus/aistivus/frontend/src/pages/ApplicationDetail.tsx": {"path":"/Users/mrbigfoot/code_projects/project-aistivus/aistivus/frontend/src/pages/ApplicationDetail.tsx","statementMap":{"0":{"start":{"line":15,"column":2},"end":{"line":15,"column":null}},"1":{"start":{"line":15,"column":12},"end":{"line":15,"column":null}},"2":{"start":{"line":16,"column":2},"end":{"line":16,"column":null}},"3":{"start":{"line":20,"column":2},"end":{"line":20,"column":null}},"4":{"start":{"line":20,"column":41},"end":{"line":20,"column":null}},"5":{"start":{"line":21,"column":2},"end":{"line":21,"column":null}},"6":{"start":{"line":26,"column":38},"end":{"line":28,"column":null}},"7":{"start":{"line":30,"column":57},"end":{"line":40,"column":null}},"8":{"start":{"line":43,"column":25},"end":{"line":49,"column":null}},"9":{"start":{"line":60,"column":15},"end":{"line":60,"column":47}},"10":{"start":{"line":61,"column":2},"end":{"line":73,"column":null}},"11":{"start":{"line":64,"column":23},"end":{"line":64,"column":41}},"12":{"start":{"line":64,"column":38},"end":{"line":64,"column":41}},"13":{"start":{"line":80,"column":2},"end":{"line":83,"column":null}},"14":{"start":{"line":95,"column":17},"end":{"line":95,"column":45}},"15":{"start":{"line":98,"column":4},"end":{"line":101,"column":null}},"16":{"start":{"line":99,"column":6},"end":{"line":99,"column":null}},"17":{"start":{"line":100,"column":6},"end":{"line":100,"column":null}},"18":{"start":{"line":100,"column":23},"end":{"line":100,"column":39}},"19":{"start":{"line":104,"column":2},"end":{"line":128,"column":null}},"20":{"start":{"line":140,"column":24},"end":{"line":140,"column":59}},"21":{"start":{"line":141,"column":8},"end":{"line":141,"column":34}},"22":{"start":{"line":144,"column":4},"end":{"line":146,"column":null}},"23":{"start":{"line":145,"column":6},"end":{"line":145,"column":null}},"24":{"start":{"line":146,"column":6},"end":{"line":146,"column":null}},"25":{"start":{"line":148,"column":4},"end":{"line":148,"column":null}},"26":{"start":{"line":153,"column":24},"end":{"line":153,"column":null}},"27":{"start":{"line":155,"column":2},"end":{"line":189,"column":null}},"28":{"start":{"line":202,"column":20},"end":{"line":202,"column":55}},"29":{"start":{"line":203,"column":18},"end":{"line":203,"column":44}},"30":{"start":{"line":204,"column":14},"end":{"line":204,"column":36}},"31":{"start":{"line":205,"column":8},"end":{"line":205,"column":28}},"32":{"start":{"line":208,"column":4},"end":{"line":208,"column":null}},"33":{"start":{"line":209,"column":4},"end":{"line":209,"column":null}},"34":{"start":{"line":209,"column":25},"end":{"line":209,"column":null}},"35":{"start":{"line":210,"column":4},"end":{"line":215,"column":null}},"36":{"start":{"line":216,"column":4},"end":{"line":216,"column":null}},"37":{"start":{"line":217,"column":4},"end":{"line":217,"column":null}},"38":{"start":{"line":220,"column":2},"end":{"line":256,"column":null}},"39":{"start":{"line":221,"column":27},"end":{"line":221,"column":47}},"40":{"start":{"line":226,"column":27},"end":{"line":226,"column":55}},"41":{"start":{"line":229,"column":12},"end":{"line":229,"column":null}},"42":{"start":{"line":237,"column":25},"end":{"line":237,"column":null}},"43":{"start":{"line":244,"column":25},"end":{"line":244,"column":null}},"44":{"start":{"line":265,"column":2},"end":{"line":326,"column":null}},"45":{"start":{"line":289,"column":49},"end":{"line":289,"column":null}},"46":{"start":{"line":290,"column":22},"end":{"line":290,"column":null}},"47":{"start":{"line":291,"column":10},"end":{"line":295,"column":null}},"48":{"start":{"line":335,"column":2},"end":{"line":338,"column":null}},"49":{"start":{"line":350,"column":27},"end":{"line":350,"column":74}},"50":{"start":{"line":351,"column":8},"end":{"line":351,"column":37}},"51":{"start":{"line":352,"column":8},"end":{"line":352,"column":44}},"52":{"start":{"line":353,"column":21},"end":{"line":353,"column":67}},"53":{"start":{"line":354,"column":22},"end":{"line":354,"column":69}},"54":{"start":{"line":356,"column":2},"end":{"line":357,"column":null}},"55":{"start":{"line":357,"column":4},"end":{"line":357,"column":null}},"56":{"start":{"line":359,"column":2},"end":{"line":360,"column":null}},"57":{"start":{"line":360,"column":4},"end":{"line":360,"column":null}},"58":{"start":{"line":363,"column":57},"end":{"line":363,"column":null}},"59":{"start":{"line":364,"column":17},"end":{"line":364,"column":null}},"60":{"start":{"line":365,"column":18},"end":{"line":365,"column":null}},"61":{"start":{"line":368,"column":4},"end":{"line":368,"column":null}},"62":{"start":{"line":372,"column":4},"end":{"line":372,"column":null}},"63":{"start":{"line":372,"column":30},"end":{"line":372,"column":null}},"64":{"start":{"line":373,"column":4},"end":{"line":373,"column":null}},"65":{"start":{"line":374,"column":4},"end":{"line":374,"column":null}},"66":{"start":{"line":378,"column":19},"end":{"line":378,"column":66}},"67":{"start":{"line":379,"column":4},"end":{"line":379,"column":null}},"68":{"start":{"line":383,"column":21},"end":{"line":384,"column":null}},"69":{"start":{"line":384,"column":14},"end":{"line":384,"column":87}},"70":{"start":{"line":387,"column":2},"end":{"line":579,"column":null}},"71":{"start":{"line":427,"column":27},"end":{"line":427,"column":56}},"72":{"start":{"line":435,"column":25},"end":{"line":435,"column":52}},"73":{"start":{"line":458,"column":31},"end":{"line":458,"column":65}},"74":{"start":{"line":462,"column":16},"end":{"line":462,"column":null}},"75":{"start":{"line":474,"column":28},"end":{"line":474,"column":null}},"76":{"start":{"line":475,"column":16},"end":{"line":476,"column":null}},"77":{"start":{"line":476,"column":18},"end":{"line":476,"column":null}},"78":{"start":{"line":489,"column":28},"end":{"line":489,"column":null}},"79":{"start":{"line":490,"column":16},"end":{"line":491,"column":null}},"80":{"start":{"line":491,"column":18},"end":{"line":491,"column":null}},"81":{"start":{"line":505,"column":33},"end":{"line":505,"column":63}},"82":{"start":{"line":507,"column":36},"end":{"line":507,"column":null}},"83":{"start":{"line":507,"column":59},"end":{"line":507,"column":null}},"84":{"start":{"line":524,"column":16},"end":{"line":524,"column":null}},"85":{"start":{"line":553,"column":16},"end":{"line":553,"column":null}},"86":{"start":{"line":570,"column":16},"end":{"line":570,"column":null}},"87":{"start":{"line":579,"column":56},"end":{"line":579,"column":79}}},"fnMap":{"0":{"name":"fmtDate","decl":{"start":{"line":14,"column":9},"end":{"line":14,"column":17}},"loc":{"start":{"line":14,"column":57},"end":{"line":16,"column":null}},"line":14},"1":{"name":"fmtScore","decl":{"start":{"line":19,"column":9},"end":{"line":19,"column":18}},"loc":{"start":{"line":19,"column":58},"end":{"line":21,"column":null}},"line":19},"2":{"name":"Collapsible","decl":{"start":{"line":59,"column":9},"end":{"line":59,"column":21}},"loc":{"start":{"line":59,"column":99},"end":{"line":73,"column":null}},"line":59},"3":{"name":"(anonymous_3)","decl":{"start":{"line":64,"column":8},"end":{"line":64,"column":23}},"loc":{"start":{"line":64,"column":23},"end":{"line":64,"column":41}},"line":64},"4":{"name":"(anonymous_4)","decl":{"start":{"line":64,"column":23},"end":{"line":64,"column":32}},"loc":{"start":{"line":64,"column":38},"end":{"line":64,"column":41}},"line":64},"5":{"name":"StatusBadge","decl":{"start":{"line":79,"column":9},"end":{"line":79,"column":21}},"loc":{"start":{"line":79,"column":83},"end":{"line":83,"column":null}},"line":79},"6":{"name":"PromptModal","decl":{"start":{"line":94,"column":9},"end":{"line":94,"column":21}},"loc":{"start":{"line":94,"column":79},"end":{"line":128,"column":null}},"line":94},"7":{"name":"handleCopy","decl":{"start":{"line":97,"column":11},"end":{"line":97,"column":30}},"loc":{"start":{"line":97,"column":30},"end":{"line":101,"column":null}},"line":97},"8":{"name":"(anonymous_8)","decl":{"start":{"line":98,"column":47},"end":{"line":98,"column":58}},"loc":{"start":{"line":98,"column":58},"end":{"line":101,"column":null}},"line":98},"9":{"name":"(anonymous_9)","decl":{"start":{"line":100,"column":6},"end":{"line":100,"column":23}},"loc":{"start":{"line":100,"column":23},"end":{"line":100,"column":39}},"line":100},"10":{"name":"LogEntry","decl":{"start":{"line":139,"column":9},"end":{"line":139,"column":18}},"loc":{"start":{"line":139,"column":78},"end":{"line":189,"column":null}},"line":139},"11":{"name":"handleDelete","decl":{"start":{"line":143,"column":11},"end":{"line":143,"column":32}},"loc":{"start":{"line":143,"column":32},"end":{"line":148,"column":null}},"line":143},"12":{"name":"AddLogForm","decl":{"start":{"line":201,"column":9},"end":{"line":201,"column":20}},"loc":{"start":{"line":201,"column":75},"end":{"line":256,"column":null}},"line":201},"13":{"name":"handleSubmit","decl":{"start":{"line":207,"column":17},"end":{"line":207,"column":30}},"loc":{"start":{"line":207,"column":82},"end":{"line":217,"column":null}},"line":207},"14":{"name":"(anonymous_14)","decl":{"start":{"line":221,"column":10},"end":{"line":221,"column":21}},"loc":{"start":{"line":221,"column":27},"end":{"line":221,"column":47}},"line":221},"15":{"name":"(anonymous_15)","decl":{"start":{"line":226,"column":10},"end":{"line":226,"column":21}},"loc":{"start":{"line":226,"column":27},"end":{"line":226,"column":55}},"line":226},"16":{"name":"(anonymous_16)","decl":{"start":{"line":228,"column":28},"end":{"line":228,"column":33}},"loc":{"start":{"line":229,"column":12},"end":{"line":229,"column":null}},"line":229},"17":{"name":"(anonymous_17)","decl":{"start":{"line":237,"column":8},"end":{"line":237,"column":19}},"loc":{"start":{"line":237,"column":25},"end":{"line":237,"column":null}},"line":237},"18":{"name":"(anonymous_18)","decl":{"start":{"line":244,"column":8},"end":{"line":244,"column":19}},"loc":{"start":{"line":244,"column":25},"end":{"line":244,"column":null}},"line":244},"19":{"name":"EvalCard","decl":{"start":{"line":264,"column":9},"end":{"line":264,"column":18}},"loc":{"start":{"line":264,"column":81},"end":{"line":326,"column":null}},"line":264},"20":{"name":"(anonymous_20)","decl":{"start":{"line":288,"column":65},"end":{"line":288,"column":70}},"loc":{"start":{"line":288,"column":78},"end":{"line":295,"column":null}},"line":288},"21":{"name":"AuditRow","decl":{"start":{"line":334,"column":9},"end":{"line":334,"column":18}},"loc":{"start":{"line":334,"column":82},"end":{"line":338,"column":null}},"line":334},"22":{"name":"ApplicationDetail","decl":{"start":{"line":349,"column":24},"end":{"line":349,"column":42}},"loc":{"start":{"line":349,"column":104},"end":{"line":579,"column":null}},"line":349},"23":{"name":"handleStatusChange","decl":{"start":{"line":367,"column":11},"end":{"line":367,"column":30}},"loc":{"start":{"line":367,"column":55},"end":{"line":368,"column":null}},"line":367},"24":{"name":"handleSalarySave","decl":{"start":{"line":371,"column":11},"end":{"line":371,"column":36}},"loc":{"start":{"line":371,"column":36},"end":{"line":374,"column":null}},"line":371},"25":{"name":"handleGeneratePrompt","decl":{"start":{"line":377,"column":17},"end":{"line":377,"column":55}},"loc":{"start":{"line":377,"column":55},"end":{"line":379,"column":null}},"line":377},"26":{"name":"(anonymous_26)","decl":{"start":{"line":383,"column":31},"end":{"line":383,"column":null}},"loc":{"start":{"line":384,"column":14},"end":{"line":384,"column":87}},"line":384},"27":{"name":"(anonymous_27)","decl":{"start":{"line":427,"column":12},"end":{"line":427,"column":27}},"loc":{"start":{"line":427,"column":27},"end":{"line":427,"column":56}},"line":427},"28":{"name":"(anonymous_28)","decl":{"start":{"line":435,"column":10},"end":{"line":435,"column":25}},"loc":{"start":{"line":435,"column":25},"end":{"line":435,"column":52}},"line":435},"29":{"name":"(anonymous_29)","decl":{"start":{"line":458,"column":14},"end":{"line":458,"column":25}},"loc":{"start":{"line":458,"column":31},"end":{"line":458,"column":65}},"line":458},"30":{"name":"(anonymous_30)","decl":{"start":{"line":461,"column":24},"end":{"line":461,"column":29}},"loc":{"start":{"line":462,"column":16},"end":{"line":462,"column":null}},"line":462},"31":{"name":"(anonymous_31)","decl":{"start":{"line":473,"column":14},"end":{"line":473,"column":23}},"loc":{"start":{"line":473,"column":29},"end":{"line":476,"column":null}},"line":473},"32":{"name":"(anonymous_32)","decl":{"start":{"line":488,"column":14},"end":{"line":488,"column":23}},"loc":{"start":{"line":488,"column":29},"end":{"line":491,"column":null}},"line":488},"33":{"name":"(anonymous_33)","decl":{"start":{"line":505,"column":16},"end":{"line":505,"column":27}},"loc":{"start":{"line":505,"column":33},"end":{"line":505,"column":63}},"line":505},"34":{"name":"(anonymous_34)","decl":{"start":{"line":507,"column":16},"end":{"line":507,"column":28}},"loc":{"start":{"line":507,"column":34},"end":{"line":507,"column":null}},"line":507},"35":{"name":"(anonymous_35)","decl":{"start":{"line":523,"column":25},"end":{"line":523,"column":30}},"loc":{"start":{"line":524,"column":16},"end":{"line":524,"column":null}},"line":524},"36":{"name":"(anonymous_36)","decl":{"start":{"line":552,"column":27},"end":{"line":552,"column":32}},"loc":{"start":{"line":553,"column":16},"end":{"line":553,"column":null}},"line":553},"37":{"name":"(anonymous_37)","decl":{"start":{"line":569,"column":36},"end":{"line":569,"column":41}},"loc":{"start":{"line":570,"column":16},"end":{"line":570,"column":null}},"line":570},"38":{"name":"(anonymous_38)","decl":{"start":{"line":579,"column":41},"end":{"line":579,"column":56}},"loc":{"start":{"line":579,"column":56},"end":{"line":579,"column":79}},"line":579}},"branchMap":{"0":{"loc":{"start":{"line":15,"column":2},"end":{"line":15,"column":null}},"type":"if","locations":[{"start":{"line":15,"column":2},"end":{"line":15,"column":null}},{"start":{},"end":{}}],"line":15},"1":{"loc":{"start":{"line":16,"column":9},"end":{"line":16,"column":46}},"type":"binary-expr","locations":[{"start":{"line":16,"column":9},"end":{"line":16,"column":30}},{"start":{"line":16,"column":30},"end":{"line":16,"column":46}}],"line":16},"2":{"loc":{"start":{"line":20,"column":2},"end":{"line":20,"column":null}},"type":"if","locations":[{"start":{"line":20,"column":2},"end":{"line":20,"column":null}},{"start":{},"end":{}}],"line":20},"3":{"loc":{"start":{"line":20,"column":6},"end":{"line":20,"column":41}},"type":"binary-expr","locations":[{"start":{"line":20,"column":6},"end":{"line":20,"column":22}},{"start":{"line":20,"column":22},"end":{"line":20,"column":41}}],"line":20},"4":{"loc":{"start":{"line":59,"column":30},"end":{"line":59,"column":50}},"type":"default-arg","locations":[{"start":{"line":59,"column":44},"end":{"line":59,"column":50}}],"line":59},"5":{"loc":{"start":{"line":70,"column":46},"end":{"line":70,"column":70}},"type":"cond-expr","locations":[{"start":{"line":70,"column":53},"end":{"line":70,"column":59}},{"start":{"line":70,"column":59},"end":{"line":70,"column":70}}],"line":70},"6":{"loc":{"start":{"line":72,"column":7},"end":{"line":73,"column":null}},"type":"binary-expr","locations":[{"start":{"line":72,"column":7},"end":{"line":72,"column":15}},{"start":{"line":72,"column":15},"end":{"line":73,"column":null}}],"line":72},"7":{"loc":{"start":{"line":81,"column":62},"end":{"line":81,"column":null}},"type":"binary-expr","locations":[{"start":{"line":81,"column":62},"end":{"line":81,"column":87}},{"start":{"line":81,"column":87},"end":{"line":81,"column":null}}],"line":81},"8":{"loc":{"start":{"line":114,"column":15},"end":{"line":114,"column":null}},"type":"cond-expr","locations":[{"start":{"line":114,"column":24},"end":{"line":114,"column":36}},{"start":{"line":114,"column":36},"end":{"line":114,"column":null}}],"line":114},"9":{"loc":{"start":{"line":144,"column":4},"end":{"line":146,"column":null}},"type":"if","locations":[{"start":{"line":144,"column":4},"end":{"line":146,"column":null}},{"start":{},"end":{}}],"line":144},"10":{"loc":{"start":{"line":162,"column":11},"end":{"line":165,"column":null}},"type":"binary-expr","locations":[{"start":{"line":162,"column":11},"end":{"line":162,"column":28}},{"start":{"line":162,"column":28},"end":{"line":162,"column":null}},{"start":{"line":163,"column":12},"end":{"line":165,"column":null}}],"line":162},"11":{"loc":{"start":{"line":172,"column":12},"end":{"line":172,"column":null}},"type":"cond-expr","locations":[{"start":{"line":172,"column":28},"end":{"line":172,"column":41}},{"start":{"line":172,"column":41},"end":{"line":172,"column":null}}],"line":172},"12":{"loc":{"start":{"line":175,"column":11},"end":{"line":175,"column":null}},"type":"cond-expr","locations":[{"start":{"line":175,"column":27},"end":{"line":175,"column":40}},{"start":{"line":175,"column":40},"end":{"line":175,"column":null}}],"line":175},"13":{"loc":{"start":{"line":178,"column":7},"end":{"line":179,"column":null}},"type":"binary-expr","locations":[{"start":{"line":178,"column":7},"end":{"line":178,"column":null}},{"start":{"line":179,"column":8},"end":{"line":179,"column":null}}],"line":178},"14":{"loc":{"start":{"line":181,"column":7},"end":{"line":189,"column":null}},"type":"binary-expr","locations":[{"start":{"line":181,"column":7},"end":{"line":181,"column":null}},{"start":{"line":182,"column":8},"end":{"line":189,"column":null}}],"line":181},"15":{"loc":{"start":{"line":209,"column":4},"end":{"line":209,"column":null}},"type":"if","locations":[{"start":{"line":209,"column":4},"end":{"line":209,"column":null}},{"start":{},"end":{}}],"line":209},"16":{"loc":{"start":{"line":214,"column":11},"end":{"line":214,"column":null}},"type":"binary-expr","locations":[{"start":{"line":214,"column":11},"end":{"line":214,"column":21}},{"start":{"line":214,"column":25},"end":{"line":214,"column":null}}],"line":214},"17":{"loc":{"start":{"line":247,"column":9},"end":{"line":250,"column":9}},"type":"binary-expr","locations":[{"start":{"line":247,"column":9},"end":{"line":247,"column":null}},{"start":{"line":248,"column":10},"end":{"line":250,"column":9}}],"line":247},"18":{"loc":{"start":{"line":252,"column":20},"end":{"line":252,"column":55}},"type":"binary-expr","locations":[{"start":{"line":252,"column":20},"end":{"line":252,"column":40}},{"start":{"line":252,"column":40},"end":{"line":252,"column":55}}],"line":252},"19":{"loc":{"start":{"line":255,"column":11},"end":{"line":255,"column":null}},"type":"cond-expr","locations":[{"start":{"line":255,"column":30},"end":{"line":255,"column":42}},{"start":{"line":255,"column":42},"end":{"line":255,"column":null}}],"line":255},"20":{"loc":{"start":{"line":273,"column":11},"end":{"line":282,"column":null}},"type":"binary-expr","locations":[{"start":{"line":273,"column":11},"end":{"line":273,"column":null}},{"start":{"line":274,"column":12},"end":{"line":282,"column":null}}],"line":273},"21":{"loc":{"start":{"line":275,"column":14},"end":{"line":279,"column":null}},"type":"cond-expr","locations":[{"start":{"line":276,"column":18},"end":{"line":276,"column":null}},{"start":{"line":277,"column":18},"end":{"line":279,"column":null}}],"line":275},"22":{"loc":{"start":{"line":277,"column":18},"end":{"line":279,"column":null}},"type":"cond-expr","locations":[{"start":{"line":278,"column":18},"end":{"line":278,"column":null}},{"start":{"line":279,"column":18},"end":{"line":279,"column":null}}],"line":277},"23":{"loc":{"start":{"line":300,"column":7},"end":{"line":302,"column":null}},"type":"binary-expr","locations":[{"start":{"line":300,"column":7},"end":{"line":300,"column":null}},{"start":{"line":301,"column":8},"end":{"line":302,"column":null}}],"line":300},"24":{"loc":{"start":{"line":305,"column":7},"end":{"line":313,"column":null}},"type":"binary-expr","locations":[{"start":{"line":305,"column":7},"end":{"line":305,"column":null}},{"start":{"line":306,"column":8},"end":{"line":313,"column":null}}],"line":305},"25":{"loc":{"start":{"line":308,"column":12},"end":{"line":312,"column":null}},"type":"cond-expr","locations":[{"start":{"line":309,"column":16},"end":{"line":309,"column":null}},{"start":{"line":310,"column":16},"end":{"line":312,"column":null}}],"line":308},"26":{"loc":{"start":{"line":310,"column":16},"end":{"line":312,"column":null}},"type":"cond-expr","locations":[{"start":{"line":311,"column":16},"end":{"line":311,"column":null}},{"start":{"line":312,"column":16},"end":{"line":312,"column":null}}],"line":310},"27":{"loc":{"start":{"line":316,"column":7},"end":{"line":320,"column":null}},"type":"binary-expr","locations":[{"start":{"line":316,"column":7},"end":{"line":316,"column":null}},{"start":{"line":317,"column":8},"end":{"line":320,"column":null}}],"line":316},"28":{"loc":{"start":{"line":322,"column":7},"end":{"line":326,"column":null}},"type":"binary-expr","locations":[{"start":{"line":322,"column":7},"end":{"line":322,"column":null}},{"start":{"line":323,"column":8},"end":{"line":326,"column":null}}],"line":322},"29":{"loc":{"start":{"line":356,"column":2},"end":{"line":357,"column":null}},"type":"if","locations":[{"start":{"line":356,"column":2},"end":{"line":357,"column":null}},{"start":{},"end":{}}],"line":356},"30":{"loc":{"start":{"line":359,"column":2},"end":{"line":360,"column":null}},"type":"if","locations":[{"start":{"line":359,"column":2},"end":{"line":360,"column":null}},{"start":{},"end":{}}],"line":359},"31":{"loc":{"start":{"line":359,"column":6},"end":{"line":359,"column":24}},"type":"binary-expr","locations":[{"start":{"line":359,"column":6},"end":{"line":359,"column":17}},{"start":{"line":359,"column":17},"end":{"line":359,"column":24}}],"line":359},"32":{"loc":{"start":{"line":372,"column":4},"end":{"line":372,"column":null}},"type":"if","locations":[{"start":{"line":372,"column":4},"end":{"line":372,"column":null}},{"start":{},"end":{}}],"line":372},"33":{"loc":{"start":{"line":394,"column":13},"end":{"line":395,"column":null}},"type":"binary-expr","locations":[{"start":{"line":394,"column":13},"end":{"line":394,"column":null}},{"start":{"line":395,"column":14},"end":{"line":395,"column":null}}],"line":394},"34":{"loc":{"start":{"line":398,"column":15},"end":{"line":398,"column":null}},"type":"binary-expr","locations":[{"start":{"line":398,"column":15},"end":{"line":398,"column":29}},{"start":{"line":398,"column":29},"end":{"line":398,"column":null}}],"line":398},"35":{"loc":{"start":{"line":402,"column":15},"end":{"line":403,"column":null}},"type":"binary-expr","locations":[{"start":{"line":402,"column":15},"end":{"line":402,"column":null}},{"start":{"line":403,"column":16},"end":{"line":403,"column":null}}],"line":402},"36":{"loc":{"start":{"line":405,"column":15},"end":{"line":408,"column":null}},"type":"binary-expr","locations":[{"start":{"line":405,"column":15},"end":{"line":405,"column":null}},{"start":{"line":406,"column":16},"end":{"line":408,"column":null}}],"line":405},"37":{"loc":{"start":{"line":412,"column":11},"end":{"line":418,"column":null}},"type":"binary-expr","locations":[{"start":{"line":412,"column":11},"end":{"line":412,"column":null}},{"start":{"line":413,"column":12},"end":{"line":418,"column":null}}],"line":412},"38":{"loc":{"start":{"line":425,"column":9},"end":{"line":432,"column":null}},"type":"binary-expr","locations":[{"start":{"line":425,"column":9},"end":{"line":425,"column":null}},{"start":{"line":426,"column":10},"end":{"line":432,"column":null}}],"line":425},"39":{"loc":{"start":{"line":439,"column":11},"end":{"line":439,"column":null}},"type":"cond-expr","locations":[{"start":{"line":439,"column":38},"end":{"line":439,"column":54}},{"start":{"line":439,"column":54},"end":{"line":439,"column":null}}],"line":439},"40":{"loc":{"start":{"line":441,"column":9},"end":{"line":442,"column":null}},"type":"binary-expr","locations":[{"start":{"line":441,"column":9},"end":{"line":441,"column":null}},{"start":{"line":442,"column":10},"end":{"line":442,"column":null}}],"line":441},"41":{"loc":{"start":{"line":472,"column":28},"end":{"line":472,"column":null}},"type":"binary-expr","locations":[{"start":{"line":472,"column":28},"end":{"line":472,"column":54}},{"start":{"line":472,"column":54},"end":{"line":472,"column":null}}],"line":472},"42":{"loc":{"start":{"line":475,"column":16},"end":{"line":476,"column":null}},"type":"if","locations":[{"start":{"line":475,"column":16},"end":{"line":476,"column":null}},{"start":{},"end":{}}],"line":475},"43":{"loc":{"start":{"line":475,"column":29},"end":{"line":475,"column":60}},"type":"binary-expr","locations":[{"start":{"line":475,"column":29},"end":{"line":475,"column":55}},{"start":{"line":475,"column":55},"end":{"line":475,"column":60}}],"line":475},"44":{"loc":{"start":{"line":476,"column":71},"end":{"line":476,"column":91}},"type":"binary-expr","locations":[{"start":{"line":476,"column":71},"end":{"line":476,"column":78}},{"start":{"line":476,"column":78},"end":{"line":476,"column":91}}],"line":476},"45":{"loc":{"start":{"line":487,"column":28},"end":{"line":487,"column":null}},"type":"binary-expr","locations":[{"start":{"line":487,"column":28},"end":{"line":487,"column":52}},{"start":{"line":487,"column":52},"end":{"line":487,"column":null}}],"line":487},"46":{"loc":{"start":{"line":490,"column":16},"end":{"line":491,"column":null}},"type":"if","locations":[{"start":{"line":490,"column":16},"end":{"line":491,"column":null}},{"start":{},"end":{}}],"line":490},"47":{"loc":{"start":{"line":490,"column":29},"end":{"line":490,"column":58}},"type":"binary-expr","locations":[{"start":{"line":490,"column":29},"end":{"line":490,"column":53}},{"start":{"line":490,"column":53},"end":{"line":490,"column":58}}],"line":490},"48":{"loc":{"start":{"line":491,"column":69},"end":{"line":491,"column":89}},"type":"binary-expr","locations":[{"start":{"line":491,"column":69},"end":{"line":491,"column":76}},{"start":{"line":491,"column":76},"end":{"line":491,"column":89}}],"line":491},"49":{"loc":{"start":{"line":504,"column":23},"end":{"line":504,"column":null}},"type":"binary-expr","locations":[{"start":{"line":504,"column":23},"end":{"line":504,"column":39}},{"start":{"line":504,"column":39},"end":{"line":504,"column":71}},{"start":{"line":504,"column":71},"end":{"line":504,"column":null}}],"line":504},"50":{"loc":{"start":{"line":507,"column":36},"end":{"line":507,"column":null}},"type":"if","locations":[{"start":{"line":507,"column":36},"end":{"line":507,"column":null}},{"start":{},"end":{}}],"line":507},"51":{"loc":{"start":{"line":520,"column":13},"end":{"line":524,"column":null}},"type":"cond-expr","locations":[{"start":{"line":521,"column":14},"end":{"line":523,"column":25}},{"start":{"line":523,"column":14},"end":{"line":524,"column":null}}],"line":520},"52":{"loc":{"start":{"line":548,"column":11},"end":{"line":555,"column":null}},"type":"cond-expr","locations":[{"start":{"line":549,"column":12},"end":{"line":551,"column":13}},{"start":{"line":551,"column":12},"end":{"line":555,"column":null}}],"line":548},"53":{"loc":{"start":{"line":565,"column":11},"end":{"line":572,"column":null}},"type":"cond-expr","locations":[{"start":{"line":566,"column":12},"end":{"line":568,"column":13}},{"start":{"line":568,"column":12},"end":{"line":572,"column":null}}],"line":565},"54":{"loc":{"start":{"line":578,"column":7},"end":{"line":579,"column":null}},"type":"binary-expr","locations":[{"start":{"line":578,"column":7},"end":{"line":578,"column":null}},{"start":{"line":579,"column":8},"end":{"line":579,"column":null}}],"line":578}},"s":{"0":0,"1":0,"2":0,"3":0,"4":0,"5":0,"6":2,"7":2,"8":2,"9":44,"10":44,"11":0,"12":0,"13":11,"14":0,"15":0,"16":0,"17":0,"18":0,"19":0,"20":0,"21":0,"22":0,"23":0,"24":0,"25":0,"26":0,"27":0,"28":11,"29":11,"30":11,"31":11,"32":0,"33":0,"34":0,"35":0,"36":0,"37":0,"38":11,"39":0,"40":0,"41":55,"42":0,"43":0,"44":0,"45":0,"46":0,"47":0,"48":0,"49":25,"50":25,"51":25,"52":25,"53":25,"54":25,"55":13,"56":12,"57":1,"58":11,"59":11,"60":11,"61":0,"62":0,"63":0,"64":0,"65":0,"66":0,"67":0,"68":11,"69":0,"70":11,"71":0,"72":0,"73":0,"74":88,"75":0,"76":0,"77":0,"78":0,"79":0,"80":0,"81":0,"82":0,"83":0,"84":0,"85":0,"86":0,"87":0},"f":{"0":0,"1":0,"2":44,"3":0,"4":0,"5":11,"6":0,"7":0,"8":0,"9":0,"10":0,"11":0,"12":11,"13":0,"14":0,"15":0,"16":55,"17":0,"18":0,"19":0,"20":0,"21":0,"22":25,"23":0,"24":0,"25":0,"26":0,"27":0,"28":0,"29":0,"30":88,"31":0,"32":0,"33":0,"34":0,"35":0,"36":0,"37":0,"38":0},"b":{"0":[0,0],"1":[0,0],"2":[0,0],"3":[0,0],"4":[44],"5":[11,33],"6":[44,11],"7":[11,0],"8":[0,0],"9":[0,0],"10":[0,0,0],"11":[0,0],"12":[0,0],"13":[0,0],"14":[0,0],"15":[0,0],"16":[0,0],"17":[11,0],"18":[11,11],"19":[0,11],"20":[0,0],"21":[0,0],"22":[0,0],"23":[0,0],"24":[0,0],"25":[0,0],"26":[0,0],"27":[0,0],"28":[0,0],"29":[13,12],"30":[1,11],"31":[12,11],"32":[0,0],"33":[11,11],"34":[25,0],"35":[25,11],"36":[25,11],"37":[25,11],"38":[25,0],"39":[0,11],"40":[25,0],"41":[25,0],"42":[0,0],"43":[0,0],"44":[0,0],"45":[25,11],"46":[0,0],"47":[0,0],"48":[0,0],"49":[25,11,11],"50":[0,0],"51":[11,0],"52":[11,0],"53":[11,0],"54":[25,0]},"meta":{"lastBranch":55,"lastFunction":39,"lastStatement":88,"seen":{"f:14:9:14:17":0,"b:15:2:15:Infinity:undefined:un
[...]
0},"end":{"line":210,"column":48}},{"start":{"line":211,"column":10},"end":{"line":211,"column":null}}],"line":209},"10":{"loc":{"start":{"line":216,"column":4},"end":{"line":218,"column":null}},"type":"if","locations":[{"start":{"line":216,"column":4},"end":{"line":218,"column":null}},{"start":{},"end":{}}],"line":216},"11":{"loc":{"start":{"line":216,"column":8},"end":{"line":216,"column":51}},"type":"binary-expr","locations":[{"start":{"line":216,"column":8},"end":{"line":216,"column":26}},{"start":{"line":216,"column":30},"end":{"line":216,"column":51}}],"line":216},"12":{"loc":{"start":{"line":230,"column":4},"end":{"line":230,"column":null}},"type":"if","locations":[{"start":{"line":230,"column":4},"end":{"line":230,"column":null}},{"start":{},"end":{}}],"line":230},"13":{"loc":{"start":{"line":231,"column":4},"end":{"line":233,"column":null}},"type":"if","locations":[{"start":{"line":231,"column":4},"end":{"line":233,"column":null}},{"start":{},"end":{}}],"line":231},"14":{"loc":{"start":{"line":231,"column":8},"end":{"line":231,"column":51}},"type":"binary-expr","locations":[{"start":{"line":231,"column":8},"end":{"line":231,"column":26}},{"start":{"line":231,"column":30},"end":{"line":231,"column":51}}],"line":231},"15":{"loc":{"start":{"line":256,"column":2},"end":{"line":256,"column":null}},"type":"if","locations":[{"start":{"line":256,"column":2},"end":{"line":256,"column":null}},{"start":{},"end":{}}],"line":256},"16":{"loc":{"start":{"line":257,"column":2},"end":{"line":257,"column":null}},"type":"if","locations":[{"start":{"line":257,"column":2},"end":{"line":257,"column":null}},{"start":{},"end":{}}],"line":257},"17":{"loc":{"start":{"line":259,"column":38},"end":{"line":269,"column":null}},"type":"cond-expr","locations":[{"start":{"line":260,"column":6},"end":{"line":268,"column":null}},{"start":{"line":269,"column":6},"end":{"line":269,"column":null}}],"line":259},"18":{"loc":{"start":{"line":265,"column":10},"end":{"line":267,"column":null}},"type":"cond-expr","locations":[{"start":{"line":266,"column":14},"end":{"line":266,"column":54}},{"start":{"line":267,"column":14},"end":{"line":267,"column":null}}],"line":265},"19":{"loc":{"start":{"line":274,"column":7},"end":{"line":291,"column":null}},"type":"cond-expr","locations":[{"start":{"line":275,"column":8},"end":{"line":277,"column":9}},{"start":{"line":277,"column":8},"end":{"line":291,"column":null}}],"line":274},"20":{"loc":{"start":{"line":293,"column":7},"end":{"line":293,"column":null}},"type":"binary-expr","locations":[{"start":{"line":293,"column":7},"end":{"line":293,"column":22}},{"start":{"line":293,"column":22},"end":{"line":293,"column":null}}],"line":293},"21":{"loc":{"start":{"line":294,"column":7},"end":{"line":301,"column":null}},"type":"binary-expr","locations":[{"start":{"line":294,"column":7},"end":{"line":294,"column":null}},{"start":{"line":295,"column":8},"end":{"line":301,"column":null}}],"line":294},"22":{"loc":{"start":{"line":303,"column":7},"end":{"line":318,"column":null}},"type":"binary-expr","locations":[{"start":{"line":303,"column":7},"end":{"line":303,"column":null}},{"start":{"line":304,"column":8},"end":{"line":318,"column":null}}],"line":303},"23":{"loc":{"start":{"line":304,"column":8},"end":{"line":318,"column":null}},"type":"cond-expr","locations":[{"start":{"line":305,"column":10},"end":{"line":313,"column":11}},{"start":{"line":313,"column":10},"end":{"line":318,"column":null}}],"line":304},"24":{"loc":{"start":{"line":328,"column":16},"end":{"line":328,"column":26}},"type":"default-arg","locations":[{"start":{"line":328,"column":24},"end":{"line":328,"column":26}}],"line":328},"25":{"loc":{"start":{"line":338,"column":4},"end":{"line":338,"column":null}},"type":"if","locations":[{"start":{"line":338,"column":4},"end":{"line":338,"column":null}},{"start":{},"end":{}}],"line":338},"26":{"loc":{"start":{"line":344,"column":4},"end":{"line":346,"column":null}},"type":"if","locations":[{"start":{"line":344,"column":4},"end":{"line":346,"column":null}},{"start":{},"end":{}}],"line":344},"27":{"loc":{"start":{"line":344,"column":8},"end":{"line":344,"column":51}},"type":"binary-expr","locations":[{"start":{"line":344,"column":8},"end":{"line":344,"column":27}},{"start":{"line":344,"column":31},"end":{"line":344,"column":51}}],"line":344},"28":{"loc":{"start":{"line":370,"column":2},"end":{"line":370,"column":null}},"type":"if","locations":[{"start":{"line":370,"column":2},"end":{"line":370,"column":null}},{"start":{},"end":{}}],"line":370},"29":{"loc":{"start":{"line":371,"column":2},"end":{"line":371,"column":null}},"type":"if","locations":[{"start":{"line":371,"column":2},"end":{"line":371,"column":null}},{"start":{},"end":{}}],"line":371},"30":{"loc":{"start":{"line":386,"column":19},"end":{"line":387,"column":null}},"type":"binary-expr","locations":[{"start":{"line":386,"column":19},"end":{"line":386,"column":null}},{"start":{"line":387,"column":20},"end":{"line":387,"column":null}}],"line":386},"31":{"loc":{"start":{"line":433,"column":7},"end":{"line":433,"column":null}},"type":"binary-expr","locations":[{"start":{"line":433,"column":7},"end":{"line":433,"column":19}},{"start":{"line":433,"column":19},"end":{"line":433,"column":null}}],"line":433},"32":{"loc":{"start":{"line":442,"column":16},"end":{"line":442,"column":29}},"type":"default-arg","locations":[{"start":{"line":442,"column":27},"end":{"line":442,"column":29}}],"line":442},"33":{"loc":{"start":{"line":453,"column":25},"end":{"line":453,"column":null}},"type":"binary-expr","locations":[{"start":{"line":453,"column":25},"end":{"line":453,"column":36}},{"start":{"line":453,"column":36},"end":{"line":453,"column":56}},{"start":{"line":453,"column":56},"end":{"line":453,"column":null}}],"line":453},"34":{"loc":{"start":{"line":459,"column":71},"end":{"line":459,"column":94}},"type":"binary-expr","locations":[{"start":{"line":459,"column":71},"end":{"line":459,"column":83}},{"start":{"line":459,"column":83},"end":{"line":459,"column":94}}],"line":459},"35":{"loc":{"start":{"line":470,"column":4},"end":{"line":470,"column":null}},"type":"if","locations":[{"start":{"line":470,"column":4},"end":{"line":470,"column":null}},{"start":{},"end":{}}],"line":470},"36":{"loc":{"start":{"line":475,"column":2},"end":{"line":475,"column":null}},"type":"if","locations":[{"start":{"line":475,"column":2},"end":{"line":475,"column":null}},{"start":{},"end":{}}],"line":475},"37":{"loc":{"start":{"line":503,"column":15},"end":{"line":503,"column":null}},"type":"cond-expr","locations":[{"start":{"line":503,"column":41},"end":{"line":503,"column":53}},{"start":{"line":503,"column":53},"end":{"line":503,"column":null}}],"line":503},"38":{"loc":{"start":{"line":505,"column":13},"end":{"line":506,"column":null}},"type":"binary-expr","locations":[{"start":{"line":505,"column":13},"end":{"line":505,"column":null}},{"start":{"line":506,"column":14},"end":{"line":506,"column":null}}],"line":505},"39":{"loc":{"start":{"line":508,"column":13},"end":{"line":509,"column":null}},"type":"binary-expr","locations":[{"start":{"line":508,"column":13},"end":{"line":508,"column":null}},{"start":{"line":509,"column":14},"end":{"line":509,"column":null}}],"line":508},"40":{"loc":{"start":{"line":517,"column":11},"end":{"line":537,"column":null}},"type":"cond-expr","locations":[{"start":{"line":518,"column":12},"end":{"line":520,"column":13}},{"start":{"line":520,"column":12},"end":{"line":537,"column":null}}],"line":517},"41":{"loc":{"start":{"line":525,"column":40},"end":{"line":525,"column":80}},"type":"cond-expr","locations":[{"start":{"line":525,"column":68},"end":{"line":525,"column":75}},{"start":{"line":525,"column":75},"end":{"line":525,"column":80}}],"line":525},"42":{"loc":{"start":{"line":528,"column":20},"end":{"line":530,"column":null}},"type":"cond-expr","locations":[{"start":{"line":529,"column":24},"end":{"line":529,"column":null}},{"start":{"line":530,"column":24},"end":{"line":530,"column":null}}],"line":528},"43":{"loc":{"start":{"line":534,"column":19},"end":{"line":534,"column":null}},"type":"binary-expr","locations":[{"start":{"line":534,"column":19},"end":{"line":534,"column":29}},{"start":{"line":534,"column":29},"end":{"line":534,"column":null}}],"line":534},"44":{"loc":{"start":{"line":543,"column":7},"end":{"line":566,"column":null}},"type":"binary-expr","locations":[{"start":{"line":543,"column":7},"end":{"line":543,"column":36}},{"start":{"line":543,"column":36},"end":{"line":543,"column":null}},{"start":{"line":544,"column":8},"end":{"line":566,"column":null}}],"line":543},"45":{"loc":{"start":{"line":577,"column":2},"end":{"line":577,"column":null}},"type":"if","locations":[{"start":{"line":577,"column":2},"end":{"line":577,"column":null}},{"start":{},"end":{}}],"line":577},"46":{"loc":{"start":{"line":591,"column":45},"end":{"line":591,"column":null}},"type":"cond-expr","locations":[{"start":{"line":591,"column":85},"end":{"line":591,"column":100}},{"start":{"line":591,"column":100},"end":{"line":591,"column":null}}],"line":591},"47":{"loc":{"start":{"line":592,"column":13},"end":{"line":592,"column":null}},"type":"cond-expr","locations":[{"start":{"line":592,"column":53},"end":{"line":592,"column":68}},{"start":{"line":592,"column":68},"end":{"line":592,"column":null}}],"line":592},"48":{"loc":{"start":{"line":624,"column":14},"end":{"line":626,"column":null}},"type":"cond-expr","locations":[{"start":{"line":625,"column":18},"end":{"line":625,"column":null}},{"start":{"line":626,"column":18},"end":{"line":626,"column":null}}],"line":624},"49":{"loc":{"start":{"line":636,"column":9},"end":{"line":636,"column":null}},"type":"binary-expr","locations":[{"start":{"line":636,"column":9},"end":{"line":636,"column":35}},{"start":{"line":636,"column":35},"end":{"line":636,"column":null}}],"line":636},"50":{"loc":{"start":{"line":637,"column":9},"end":{"line":637,"column":null}},"type":"binary-expr","locations":[{"start":{"line":637,"column":9},"end":{"line":637,"column":41}},{"start":{"line":637,"column":41},"end":{"line":637,"column":null}}],"line":637},"51":{"loc":{"start":{"line":638,"column":9},"end":{"line":638,"column":null}},"type":"binary-expr","locations":[{"start":{"line":638,"column":9},"end":{"line":638,"column":38}},{"start":{"line":638,"column":38},"end":{"line":638,"column":null}}],"line":638},"52":{"loc":{"start":{"line":639,"column":9},"end":{"line":639,"column":null}},"type":"binary-expr","locations":[{"start":{"line":639,"column":9},"end":{"line":639,"column":33}},{"start":{"line":639,"column":33},"end":{"line":639,"column":null}}],"line":639}},"s":{"0":5,"1":1,"2":3,"3":0,"4":0,"5":0,"6":0,"7":0,"8":0,"9":0,"10":0,"11":0,"12":0,"13":8,"14":8,"15":8,"16":8,"17":8,"18":8,"19":8,"20":8,"21":8,"22":0,"23":0,"24":0,"25":0,"26":0,"27":0,"28":0,"29":0,"30":0,"31":0,"32":0,"33":0,"34":0,"35":0,"36":0,"37":0,"38":0,"39":0,"40":0,"41":0,"42":0,"43":0,"44":0,"45":8,"46":5,"47":3,"48":3,"49":3,"50":8,"51":3,"52":0,"53":0,"54":0,"55":0,"56":0,"57":0,"58":0,"59":0,"60":0,"61":0,"62":0,"63":0,"64":2,"65":2,"66":2,"67":2,"68":2,"69":2,"70":2,"71":2,"72":2,"73":1,"74":2,"75":2,"76":0,"77":0,"78":0,"79":0,"80":0,"81":0,"82":0,"83":0,"84":0,"85":0,"86":0,"87":0,"88":0,"89":0,"90":0,"91":2,"92":1,"93":1,"94":0,"95":1,"96":1,"97":2,"98":0,"99":0,"100":0,"101":0,"102":2,"103":2,"104":2,"105":2,"106":2,"107":2,"108":2,"109":2,"110":2,"111":2,"112":0,"113":0,"114":0,"115":0,"116":0,"117":0,"118":0,"119":0,"120":0,"121":0,"122":0,"123":0,"124":0,"125":0,"126":2,"127":1,"128":1,"129":0,"130":0,"131":0,"132":1,"133":0,"134":0,"135":0,"136":0,"137":0,"138":0,"139":0,"140":1,"141":7,"142":7,"143":28,"144":2},"f":{"0":5,"1":3,"2":0,"3":0,"4":0,"5":0,"6":0,"7":0,"8":0,"9":0,"10":8,"11":0,"12":0,"13":0,"14":0,"15":3,"16":0,"17":0,"18":0,"19":0,"20":0,"21":0,"22":0,"23":0,"24":2,"25":2,"26":0,"27":0,"28":0,"29":0,"30":1,"31":2,"32":0,"33":0,"34":0,"35":0,"36":2,"37":0,"38":0,"39":0,"40":0,"41":0,"42":0,"43":1,"44":0,"45":0,"46":0,"47":0,"48":7,"49":28,"50":2},"b":{"0":[3,3],"1":[3,0],"2":[3,0],"3":[3,0],"4":[3,0],"5":[0,0],"6":[0,0],"7":[8],"8":[0,0],"9":[0,0],"10":[0,0],"11":[0,0],"12":[0,0],"13":[0,0],"14":[0,0],"15":[5,3],"16":[0,3],"17":[0,3],"18":[0,0],"19":[0,3],"20":[8,0],"21":[8,0],"22":[8,3],"23":[0,3],"24":[2],"25":[1,1],"26":[0,0],"27":[0,0],"28":[1,1],"29":[0,1],"30":[2,0],"31":[1,0],"32":[2],"33":[2,2,1],"34":[0,0],"35":[0,0],"36":[1,1],"37":[0,1],"38":[2,0],"39":[2,0],"40":[0,1],"41":[0,0],"42":[0,1],"43":[1,1],"44":[2,0,0],"45":[0,0],"46":[0,0],"47":[0,0],"48":[7,21],"49":[7,5],"50":[7,1],"51":[7,1],"52":[7,0]},"meta":{"lastBranch":53,"lastFunction":51,"lastStatement":145,"seen":{"f:22:9:22:23":0,"s:23:2:26:Infinity":0,"s:39:41:44:Infinity":1,"f:46:9:46:18":1,"s:57:2:105:Infinity":2,"b:62:11:62:Infinity:63:12:65:Infinity":0,"b:70:18:70:Infinity:71:18:71:Infinity":1,"b:74:37:74:51:74:51:74:Infinity":2,"b:81:14:81:Infinity:82:14:82:Infinity":3,"f:87:10:87:25":2,"s:87:25:87:38":3,"b:92:9:92:Infinity:93:10:98:Infinity":4,"f:94:12:94:27":3,"s:94:27:94:49":4,"f:101:10:101:25":4,"s:101:25:101:43":5,"f:111:9:111:19":5,"s:124:15:124:59":6,"s:125:8:126:51":7,"f:125:8:125:15":6,"s:125:15:126:51":8,"f:125:15:125:44":7,"s:126:4:126:51":9,"f:126:4:126:13":8,"s:126:20:126:51":10,"s:128:2:186:Infinity":11,"b:172:7:172:16:172:16:172:Infinity":5,"f:181:10:181:25":9,"s:181:25:181:37":12,"b:185:20:185:32:185:32:185:Infinity":6,"f:192:9:192:44":10,"s:193:40:193:64":13,"b:193:25:193:27":7,"s:194:8:194:38":14,"s:195:8:195:38":15,"s:196:8:196:41":16,"s:197:8:197:38":17,"s:199:22:199:55":18,"s:200:23:200:73":19,"s:201:20:201:48":20,"s:202:22:202:52":21,"f:204:11:204:25":11,"s:205:4:212:Infinity":22,"b:208:20:208:51:208:55:208:Infinity":8,"b:210:10:210:48:211:10:211:Infinity":9,"f:215:17:215:30":12,"b:216:4:218:Infinity:undefined:undefined:undefined:undefined":10,"s:216:4:218:Infinity":23,"b:216:8:216:26:216:30:216:51":11,"s:217:6:217:Infinity":24,"s:218:6:218:Infinity":25,"s:220:4:220:Infinity":26,"s:221:4:225:Infinity":27,"s:222:6:222:Infinity":28,"s:223:6:223:Infinity":29,"s:225:6:225:Infinity":30,"f:229:17:229:30":13,"b:230:4:230:Infinity:undefined:undefined:undefined:undefined":12,"s:230:4:230:Infinity":31,"s:230:23:230:Infinity":32,"b:231:4:233:Infinity:undefined:undefined:undefined:undefined":13,"s:231:4:233:Infinity":33,"b:231:8:231:26:231:30:231:51":14,"s:232:6:232:Infinity":34,"s:233:6:233:Infinity":35,"s:235:4:235:Infinity":36,"s:236:4:243:Infinity":37,"s:237:6:240:Infinity":38,"s:241:6:241:Infinity":39,"s:243:6:243:Infinity":40,"f:247:17:247:30":14,"s:248:4:248:Infinity":41,"s:249:4:252:Infinity":42,"s:250:6:250:Infinity":43,"s:252:6:252:Infinity":44,"b:256:2:256:Infinity:undefined:undefined:undefined:undefined":15,"s:256:2:256:Infinity":45,"s:256:17:256:Infinity":46,"b:257:2:257:Infinity:undefined:undefined:undefined:undefined":16,"s:257:2:257:Infinity":47,"s:257:13:257:Infinity":48,"s:259:38:269:Infinity":49,"b:260:6:268:Infinity:269:6:269:Infinity":17,"b:266:14:266:54:267:14:267:Infinity":18,"s:271:2:318:Infinity":50,"b:275:8:277:9:277:8:291:Infinity":19,"f:278:18:278:23":15,"s:279:12:289:Infinity":51,"f:282:14:282:29":16,"s:282:36:282:67":52,"f:283:14:283:25":17,"s:283:32:283:53":53,"f:284:14:284:23":18,"s:285:16:285:Infinity":54,"s:286:16:286:Infinity":55,"s:287:16:287:Infinity":56,"b:293:7:293:22:293:22:293:Infinity":20,"b:294:7:294:Infinity:295:8:301:Infinity":21,"f:297:10:297:19":19,"s:297:28:297:51":57,"f:298:10:298:26":20,"s:298:28:298:51":58,"s:298:51:298:Infinity":59,"b:303:7:303:Infinity:304:8:318:Infinity":22,"b:305:10:313:11:313:10:318:Infinity":23,"f:307:12:307:21":21,"s:307:30:307:53":60,"f:308:12:308:28":22,"s:308:30:308:53":61,"s:308:53:308:Infinity":62,"f:314:12:314:27":23,"s:314:27:314:47":63,"f:327:9:327:49":24,"s:328:39:328:65":64,"b:328:24:328:26":24,"s:329:8:329:36":65,"s:330:8:330:42":66,"s:332:22:332:52":67,"s:333:23:333:54":68,"s:334:19:334:46":69,"s:335:23:335:78":70,"s:337:18:341:8":71,"f:337:24:337:62":25,"b:338:4:338:Infinity:undefined:undefined:undefined:undefined":25,"s:338:4:338:Infinity":72,"s:338:27:338:Infinity":73,"s:339:4:339:Infinity":74,"s:340:4:340:Infinity":75,"f:343:17:343:44":26,"b:344:4:346:Infinity:undefined:undefined:undefined:undefined":26,"s:344:4:346:Infinity":76,"b:344:8:344:27:344:31:344:51":27,"s:345:6:345:Infinity":77,"s:346:6:346:Infinity":78,"s:348:4:348:Infinity":79,"s:349:4:357:Infinity":80,"s:350:6:353:Infinity":81,"s:354:6:354:Infinity":82,"s:355:6:355:Infinity":83,"s:357:6:357:Infinity":84,"f:361:17:361:30":27,"s:362:4:362:Infinity":85,"f:362:4:362:21":28,"s:362:31:362:58":86,"s:363:4:366:Infinity":87,"s:364:6:364:Infinity":88,"s:366:6:366:Infinity":89,"f:366:6:366:23":29,"s:366:33:366:78":90,"b:370:2:370:Infinity:undefined:undefined:undefined:undefined":28,"s:370:2:370:Infinity":91,"s:370:17:370:Infinity":92,"b:371:2:371:Infinity:undefined:undefined:undefined:undefined":29,"s:371:2:371:Infinity":93,"s:371:13:371:Infinity":94,"s:373:2:433:Infinity":95,"f:377:33:377:38":30,"s:378:10:398:Infinity":96,"f:383:23:383:28":31,"s:384:16:395:Infinity":97,"b:386:19:386:Infinity:387:20:387:Infinity":30,"f:390:20:390:35":32,"s:390:35:390:58":98,"f:409:12:409:23":33,"s:409:29:409:59":99,"f:420:12:420:23":34,"s:420:29:420:60":100,"f:426:10:426:25":35,"s:426:25:426:41":101,"b:433:7:433:19:433:19:433:Infinity":31,"f:440:9:440:47":36,"s:441:25:441:53":102,"s:442:29:442:56":103,"b:442:27:442:29":32,"s:443:8:443:42":104,"s:445:18:445:61":105,"s:446:19:446:46":106,"s:447:20:447:48":107,"s:448:19:448:49":108,"s:450:27:450:79":109,"s:451:16:451:76":110,"s:453:25:453:Infinity":111,"b:453:25:453:36:453:36:453:56:453:56:453:Infinity":33,"f:455:17:455:45":37,"s:456:4:456:Infinity":112,"s:457:4:457:Infinity":113,"s:458:4:465:Infinity":114,"s:459:6:459:Infinity":115,"b:459:71:459:83:459:83:459:94":34,"s:460:6:460:Infinity":116,"s:461:6:461:Infinity":117,"s:462:6:462:Infinity":118,"f:462:6:462:23":38,"s:462:23:462:41":119,"s:463:6:463:Infinity":120,"s:465:6:465:Infinity":121,"f:469:17:469:48":39,"b:470:4:470:Infinity:undefined:undefined:undefined:undefined":35,"s:470:4:470:Infinity":122,"s:470:22:470:Infinity":123,"s:471:4:471:Infinity":124,"s:472:4:472:Infinity":125,"b:475:2:475:Infinity:undefined:undefined:undefined:undefined":36,"s:475:2:475:Infinity":126,"s:475:17:475:Infinity":127,"s:477:2:566:Infinity":128,"f:486:12:486:23":40,"s:486:29:486:55":129,"f:494:14:494:25":41,"s:494:31:494:58":130,"f:499:14:499:29":42,"s:499:29:499:46":131,"b:503:41:503:53:503:53:503:Infinity":37,"b:505:13:505:Infinity:506:14:506:Infinity":38,"b:508:13:508:Infinity:509:14:509:Infinity":39,"b:518:12:520:13:520:12:537:Infinity":40,"f:521:24:521:29":43,"s:522:16:535:Infinity":132,"f:524:18:524:Infinity":44,"s:525:20:525:80":133,"b:525:68:525:75:525:75:525:80":41,"b:529:24:529:Infinity:530:24:530:Infinity":42,"b:534:19:534:29:534:29:534:Infinity":43,"b:543:7:543:36:543:36:543:Infinity:544:8:566:Infinity":44,"f:551:16:551:31":45,"s:551:31:551:51":134,"f:557:16:557:31":46,"s:557:31:557:56":135,"f:575:9:575:42":47,"s:576:16:576:42":136,"b:577:2:577:Infinity:undefined:undefined:undefined:undefined":45,"s:577:2:577:Infinity":137,"s:577:17:577:Infinity":138,"s:579:2:593:Infinity":139,"b:591:85:591:100:591:100:591:Infinity":46,"b:592:53:592:68:592:68:592:Infinity":47,"s:604:43:609:Infinity":140,"f:611:24:611:54":48,"s:612:20:612:59":141,"s:614:2:639:Infinity":142,"f:619:14:619:19":49,"s:620:10:630:Infinity":143,"f:622:12:622:27":50,"s:622:27:622:43":144,"b:625:18:625:Infinity:626:18:626:Infinity":48,"b:636:9:636:35:636:35:636:Infinity":49,"b:637:9:637:41:637:41:637:Infinity":50,"b:638:9:638:38:638:38:638:Infinity":51,"b:639:9:639:33:639:33:639:Infinity":52}}}
,"/Users/mrbigfoot/code_projects/project-aistivus/aistivus/frontend/src/types/api.ts": {"path":"/Users/mrbigfoot/code_projects/project-aistivus/aistivus/frontend/src/types/api.ts","statementMap":{},"fnMap":{},"branchMap":{},"s":{},"f":{},"b":{},"meta":{"lastBranch":0,"lastFunction":0,"lastStatement":0,"seen":{}}}
}
